<?xml version="1.0" encoding="UTF-8"?>
<testsuite name="com.example.posworks03.CalculadoraTest" tests="1000" skipped="0" failures="0" errors="0" timestamp="2023-10-20T20:48:02" hostname="INGJUAN" time="1.184">
  <properties/>
  <testcase name="multiplicando: 0" classname="com.example.posworks03.CalculadoraTest" time="0.007"/>
  <testcase name="multiplicando: 1" classname="com.example.posworks03.CalculadoraTest" time="0.0"/>
  <testcase name="multiplicando: 2" classname="com.example.posworks03.CalculadoraTest" time="0.0"/>
  <testcase name="multiplicando: 3" classname="com.example.posworks03.CalculadoraTest" time="0.0"/>
  <testcase name="multiplicando: 4" classname="com.example.posworks03.CalculadoraTest" time="0.001"/>
  <testcase name="multiplicando: 5" classname="com.example.posworks03.CalculadoraTest" time="0.0"/>
  <testcase name="multiplicando: 6" classname="com.example.posworks03.CalculadoraTest" time="0.001"/>
  <testcase name="multiplicando: 7" classname="com.example.posworks03.CalculadoraTest" time="0.001"/>
  <testcase name="multiplicando: 8" classname="com.example.posworks03.CalculadoraTest" time="0.001"/>
  <testcase name="multiplicando: 9" classname="com.example.posworks03.CalculadoraTest" time="0.002"/>
  <testcase name="multiplicando: 10" classname="com.example.posworks03.CalculadoraTest" time="0.001"/>
  <testcase name="multiplicando: 11" classname="com.example.posworks03.CalculadoraTest" time="0.0"/>
  <testcase name="multiplicando: 12" classname="com.example.posworks03.CalculadoraTest" time="0.001"/>
  <testcase name="multiplicando: 13" classname="com.example.posworks03.CalculadoraTest" time="0.001"/>
  <testcase name="multiplicando: 14" classname="com.example.posworks03.CalculadoraTest" time="0.0"/>
  <testcase name="multiplicando: 15" classname="com.example.posworks03.CalculadoraTest" time="0.0"/>
  <testcase name="multiplicando: 16" classname="com.example.posworks03.CalculadoraTest" time="0.001"/>
  <testcase name="multiplicando: 17" classname="com.example.posworks03.CalculadoraTest" time="0.001"/>
  <testcase name="multiplicando: 18" classname="com.example.posworks03.CalculadoraTest" time="0.002"/>
  <testcase name="multiplicando: 19" classname="com.example.posworks03.CalculadoraTest" time="0.001"/>
  <testcase name="multiplicando: 20" classname="com.example.posworks03.CalculadoraTest" time="0.0"/>
  <testcase name="multiplicando: 21" classname="com.example.posworks03.CalculadoraTest" time="0.001"/>
  <testcase name="multiplicando: 22" classname="com.example.posworks03.CalculadoraTest" time="0.001"/>
  <testcase name="multiplicando: 23" classname="com.example.posworks03.CalculadoraTest" time="0.001"/>
  <testcase name="multiplicando: 24" classname="com.example.posworks03.CalculadoraTest" time="0.001"/>
  <testcase name="multiplicando: 25" classname="com.example.posworks03.CalculadoraTest" time="0.002"/>
  <testcase name="multiplicando: 26" classname="com.example.posworks03.CalculadoraTest" time="0.0"/>
  <testcase name="multiplicando: 27" classname="com.example.posworks03.CalculadoraTest" time="0.001"/>
  <testcase name="multiplicando: 28" classname="com.example.posworks03.CalculadoraTest" time="0.001"/>
  <testcase name="multiplicando: 29" classname="com.example.posworks03.CalculadoraTest" time="0.001"/>
  <testcase name="multiplicando: 30" classname="com.example.posworks03.CalculadoraTest" time="0.003"/>
  <testcase name="multiplicando: 31" classname="com.example.posworks03.CalculadoraTest" time="0.0"/>
  <testcase name="multiplicando: 32" classname="com.example.posworks03.CalculadoraTest" time="0.0"/>
  <testcase name="multiplicando: 33" classname="com.example.posworks03.CalculadoraTest" time="0.001"/>
  <testcase name="multiplicando: 34" classname="com.example.posworks03.CalculadoraTest" time="0.001"/>
  <testcase name="multiplicando: 35" classname="com.example.posworks03.CalculadoraTest" time="0.001"/>
  <testcase name="multiplicando: 36" classname="com.example.posworks03.CalculadoraTest" time="0.001"/>
  <testcase name="multiplicando: 37" classname="com.example.posworks03.CalculadoraTest" time="0.0"/>
  <testcase name="multiplicando: 38" classname="com.example.posworks03.CalculadoraTest" time="0.001"/>
  <testcase name="multiplicando: 39" classname="com.example.posworks03.CalculadoraTest" time="0.0"/>
  <testcase name="multiplicando: 40" classname="com.example.posworks03.CalculadoraTest" time="0.0"/>
  <testcase name="multiplicando: 41" classname="com.example.posworks03.CalculadoraTest" time="0.0"/>
  <testcase name="multiplicando: 42" classname="com.example.posworks03.CalculadoraTest" time="0.0"/>
  <testcase name="multiplicando: 43" classname="com.example.posworks03.CalculadoraTest" time="0.0"/>
  <testcase name="multiplicando: 44" classname="com.example.posworks03.CalculadoraTest" time="0.0"/>
  <testcase name="multiplicando: 45" classname="com.example.posworks03.CalculadoraTest" time="0.0"/>
  <testcase name="multiplicando: 46" classname="com.example.posworks03.CalculadoraTest" time="0.001"/>
  <testcase name="multiplicando: 47" classname="com.example.posworks03.CalculadoraTest" time="0.0"/>
  <testcase name="multiplicando: 48" classname="com.example.posworks03.CalculadoraTest" time="0.0"/>
  <testcase name="multiplicando: 49" classname="com.example.posworks03.CalculadoraTest" time="0.003"/>
  <testcase name="multiplicando: 50" classname="com.example.posworks03.CalculadoraTest" time="0.0"/>
  <testcase name="multiplicando: 51" classname="com.example.posworks03.CalculadoraTest" time="0.001"/>
  <testcase name="multiplicando: 52" classname="com.example.posworks03.CalculadoraTest" time="0.002"/>
  <testcase name="multiplicando: 53" classname="com.example.posworks03.CalculadoraTest" time="0.001"/>
  <testcase name="multiplicando: 54" classname="com.example.posworks03.CalculadoraTest" time="0.0"/>
  <testcase name="multiplicando: 55" classname="com.example.posworks03.CalculadoraTest" time="0.0"/>
  <testcase name="multiplicando: 56" classname="com.example.posworks03.CalculadoraTest" time="0.0"/>
  <testcase name="multiplicando: 57" classname="com.example.posworks03.CalculadoraTest" time="0.002"/>
  <testcase name="multiplicando: 58" classname="com.example.posworks03.CalculadoraTest" time="0.0"/>
  <testcase name="multiplicando: 59" classname="com.example.posworks03.CalculadoraTest" time="0.001"/>
  <testcase name="multiplicando: 60" classname="com.example.posworks03.CalculadoraTest" time="0.001"/>
  <testcase name="multiplicando: 61" classname="com.example.posworks03.CalculadoraTest" time="0.0"/>
  <testcase name="multiplicando: 62" classname="com.example.posworks03.CalculadoraTest" time="0.001"/>
  <testcase name="multiplicando: 63" classname="com.example.posworks03.CalculadoraTest" time="0.001"/>
  <testcase name="multiplicando: 64" classname="com.example.posworks03.CalculadoraTest" time="0.0"/>
  <testcase name="multiplicando: 65" classname="com.example.posworks03.CalculadoraTest" time="0.002"/>
  <testcase name="multiplicando: 66" classname="com.example.posworks03.CalculadoraTest" time="0.001"/>
  <testcase name="multiplicando: 67" classname="com.example.posworks03.CalculadoraTest" time="0.003"/>
  <testcase name="multiplicando: 68" classname="com.example.posworks03.CalculadoraTest" time="0.0"/>
  <testcase name="multiplicando: 69" classname="com.example.posworks03.CalculadoraTest" time="0.001"/>
  <testcase name="multiplicando: 70" classname="com.example.posworks03.CalculadoraTest" time="0.0"/>
  <testcase name="multiplicando: 71" classname="com.example.posworks03.CalculadoraTest" time="0.0"/>
  <testcase name="multiplicando: 72" classname="com.example.posworks03.CalculadoraTest" time="0.001"/>
  <testcase name="multiplicando: 73" classname="com.example.posworks03.CalculadoraTest" time="0.0"/>
  <testcase name="multiplicando: 74" classname="com.example.posworks03.CalculadoraTest" time="0.0"/>
  <testcase name="multiplicando: 75" classname="com.example.posworks03.CalculadoraTest" time="0.0"/>
  <testcase name="multiplicando: 76" classname="com.example.posworks03.CalculadoraTest" time="0.0"/>
  <testcase name="multiplicando: 77" classname="com.example.posworks03.CalculadoraTest" time="0.002"/>
  <testcase name="multiplicando: 78" classname="com.example.posworks03.CalculadoraTest" time="0.001"/>
  <testcase name="multiplicando: 79" classname="com.example.posworks03.CalculadoraTest" time="0.0"/>
  <testcase name="multiplicando: 80" classname="com.example.posworks03.CalculadoraTest" time="0.001"/>
  <testcase name="multiplicando: 81" classname="com.example.posworks03.CalculadoraTest" time="0.0"/>
  <testcase name="multiplicando: 82" classname="com.example.posworks03.CalculadoraTest" time="0.001"/>
  <testcase name="multiplicando: 83" classname="com.example.posworks03.CalculadoraTest" time="0.0"/>
  <testcase name="multiplicando: 84" classname="com.example.posworks03.CalculadoraTest" time="0.002"/>
  <testcase name="multiplicando: 85" classname="com.example.posworks03.CalculadoraTest" time="0.0"/>
  <testcase name="multiplicando: 86" classname="com.example.posworks03.CalculadoraTest" time="0.0"/>
  <testcase name="multiplicando: 87" classname="com.example.posworks03.CalculadoraTest" time="0.001"/>
  <testcase name="multiplicando: 88" classname="com.example.posworks03.CalculadoraTest" time="0.001"/>
  <testcase name="multiplicando: 89" classname="com.example.posworks03.CalculadoraTest" time="0.001"/>
  <testcase name="multiplicando: 90" classname="com.example.posworks03.CalculadoraTest" time="0.0"/>
  <testcase name="multiplicando: 91" classname="com.example.posworks03.CalculadoraTest" time="0.0"/>
  <testcase name="multiplicando: 92" classname="com.example.posworks03.CalculadoraTest" time="0.0"/>
  <testcase name="multiplicando: 93" classname="com.example.posworks03.CalculadoraTest" time="0.001"/>
  <testcase name="multiplicando: 94" classname="com.example.posworks03.CalculadoraTest" time="0.0"/>
  <testcase name="multiplicando: 95" classname="com.example.posworks03.CalculadoraTest" time="0.0"/>
  <testcase name="multiplicando: 96" classname="com.example.posworks03.CalculadoraTest" time="0.0"/>
  <testcase name="multiplicando: 97" classname="com.example.posworks03.CalculadoraTest" time="0.0"/>
  <testcase name="multiplicando: 98" classname="com.example.posworks03.CalculadoraTest" time="0.0"/>
  <testcase name="multiplicando: 99" classname="com.example.posworks03.CalculadoraTest" time="0.0"/>
  <testcase name="multiplicando: 100" classname="com.example.posworks03.CalculadoraTest" time="0.0"/>
  <testcase name="multiplicando: 101" classname="com.example.posworks03.CalculadoraTest" time="0.0"/>
  <testcase name="multiplicando: 102" classname="com.example.posworks03.CalculadoraTest" time="0.0"/>
  <testcase name="multiplicando: 103" classname="com.example.posworks03.CalculadoraTest" time="0.0"/>
  <testcase name="multiplicando: 104" classname="com.example.posworks03.CalculadoraTest" time="0.0"/>
  <testcase name="multiplicando: 105" classname="com.example.posworks03.CalculadoraTest" time="0.0"/>
  <testcase name="multiplicando: 106" classname="com.example.posworks03.CalculadoraTest" time="0.001"/>
  <testcase name="multiplicando: 107" classname="com.example.posworks03.CalculadoraTest" time="0.0"/>
  <testcase name="multiplicando: 108" classname="com.example.posworks03.CalculadoraTest" time="0.0"/>
  <testcase name="multiplicando: 109" classname="com.example.posworks03.CalculadoraTest" time="0.001"/>
  <testcase name="multiplicando: 110" classname="com.example.posworks03.CalculadoraTest" time="0.0"/>
  <testcase name="multiplicando: 111" classname="com.example.posworks03.CalculadoraTest" time="0.0"/>
  <testcase name="multiplicando: 112" classname="com.example.posworks03.CalculadoraTest" time="0.0"/>
  <testcase name="multiplicando: 113" classname="com.example.posworks03.CalculadoraTest" time="0.001"/>
  <testcase name="multiplicando: 114" classname="com.example.posworks03.CalculadoraTest" time="0.0"/>
  <testcase name="multiplicando: 115" classname="com.example.posworks03.CalculadoraTest" time="0.001"/>
  <testcase name="multiplicando: 116" classname="com.example.posworks03.CalculadoraTest" time="0.0"/>
  <testcase name="multiplicando: 117" classname="com.example.posworks03.CalculadoraTest" time="0.0"/>
  <testcase name="multiplicando: 118" classname="com.example.posworks03.CalculadoraTest" time="0.001"/>
  <testcase name="multiplicando: 119" classname="com.example.posworks03.CalculadoraTest" time="0.001"/>
  <testcase name="multiplicando: 120" classname="com.example.posworks03.CalculadoraTest" time="0.001"/>
  <testcase name="multiplicando: 121" classname="com.example.posworks03.CalculadoraTest" time="0.001"/>
  <testcase name="multiplicando: 122" classname="com.example.posworks03.CalculadoraTest" time="0.001"/>
  <testcase name="multiplicando: 123" classname="com.example.posworks03.CalculadoraTest" time="0.001"/>
  <testcase name="multiplicando: 124" classname="com.example.posworks03.CalculadoraTest" time="0.0"/>
  <testcase name="multiplicando: 125" classname="com.example.posworks03.CalculadoraTest" time="0.0"/>
  <testcase name="multiplicando: 126" classname="com.example.posworks03.CalculadoraTest" time="0.0"/>
  <testcase name="multiplicando: 127" classname="com.example.posworks03.CalculadoraTest" time="0.0"/>
  <testcase name="multiplicando: 128" classname="com.example.posworks03.CalculadoraTest" time="0.002"/>
  <testcase name="multiplicando: 129" classname="com.example.posworks03.CalculadoraTest" time="0.001"/>
  <testcase name="multiplicando: 130" classname="com.example.posworks03.CalculadoraTest" time="0.0"/>
  <testcase name="multiplicando: 131" classname="com.example.posworks03.CalculadoraTest" time="0.0"/>
  <testcase name="multiplicando: 132" classname="com.example.posworks03.CalculadoraTest" time="0.0"/>
  <testcase name="multiplicando: 133" classname="com.example.posworks03.CalculadoraTest" time="0.0"/>
  <testcase name="multiplicando: 134" classname="com.example.posworks03.CalculadoraTest" time="0.0"/>
  <testcase name="multiplicando: 135" classname="com.example.posworks03.CalculadoraTest" time="0.0"/>
  <testcase name="multiplicando: 136" classname="com.example.posworks03.CalculadoraTest" time="0.003"/>
  <testcase name="multiplicando: 137" classname="com.example.posworks03.CalculadoraTest" time="0.001"/>
  <testcase name="multiplicando: 138" classname="com.example.posworks03.CalculadoraTest" time="0.0"/>
  <testcase name="multiplicando: 139" classname="com.example.posworks03.CalculadoraTest" time="0.001"/>
  <testcase name="multiplicando: 140" classname="com.example.posworks03.CalculadoraTest" time="0.002"/>
  <testcase name="multiplicando: 141" classname="com.example.posworks03.CalculadoraTest" time="0.001"/>
  <testcase name="multiplicando: 142" classname="com.example.posworks03.CalculadoraTest" time="0.001"/>
  <testcase name="multiplicando: 143" classname="com.example.posworks03.CalculadoraTest" time="0.0"/>
  <testcase name="multiplicando: 144" classname="com.example.posworks03.CalculadoraTest" time="0.0"/>
  <testcase name="multiplicando: 145" classname="com.example.posworks03.CalculadoraTest" time="0.0"/>
  <testcase name="multiplicando: 146" classname="com.example.posworks03.CalculadoraTest" time="0.001"/>
  <testcase name="multiplicando: 147" classname="com.example.posworks03.CalculadoraTest" time="0.0"/>
  <testcase name="multiplicando: 148" classname="com.example.posworks03.CalculadoraTest" time="0.0"/>
  <testcase name="multiplicando: 149" classname="com.example.posworks03.CalculadoraTest" time="0.0"/>
  <testcase name="multiplicando: 150" classname="com.example.posworks03.CalculadoraTest" time="0.0"/>
  <testcase name="multiplicando: 151" classname="com.example.posworks03.CalculadoraTest" time="0.0"/>
  <testcase name="multiplicando: 152" classname="com.example.posworks03.CalculadoraTest" time="0.0"/>
  <testcase name="multiplicando: 153" classname="com.example.posworks03.CalculadoraTest" time="0.0"/>
  <testcase name="multiplicando: 154" classname="com.example.posworks03.CalculadoraTest" time="0.0"/>
  <testcase name="multiplicando: 155" classname="com.example.posworks03.CalculadoraTest" time="0.0"/>
  <testcase name="multiplicando: 156" classname="com.example.posworks03.CalculadoraTest" time="0.0"/>
  <testcase name="multiplicando: 157" classname="com.example.posworks03.CalculadoraTest" time="0.001"/>
  <testcase name="multiplicando: 158" classname="com.example.posworks03.CalculadoraTest" time="0.0"/>
  <testcase name="multiplicando: 159" classname="com.example.posworks03.CalculadoraTest" time="0.001"/>
  <testcase name="multiplicando: 160" classname="com.example.posworks03.CalculadoraTest" time="0.0"/>
  <testcase name="multiplicando: 161" classname="com.example.posworks03.CalculadoraTest" time="0.0"/>
  <testcase name="multiplicando: 162" classname="com.example.posworks03.CalculadoraTest" time="0.0"/>
  <testcase name="multiplicando: 163" classname="com.example.posworks03.CalculadoraTest" time="0.0"/>
  <testcase name="multiplicando: 164" classname="com.example.posworks03.CalculadoraTest" time="0.0"/>
  <testcase name="multiplicando: 165" classname="com.example.posworks03.CalculadoraTest" time="0.0"/>
  <testcase name="multiplicando: 166" classname="com.example.posworks03.CalculadoraTest" time="0.0"/>
  <testcase name="multiplicando: 167" classname="com.example.posworks03.CalculadoraTest" time="0.001"/>
  <testcase name="multiplicando: 168" classname="com.example.posworks03.CalculadoraTest" time="0.0"/>
  <testcase name="multiplicando: 169" classname="com.example.posworks03.CalculadoraTest" time="0.0"/>
  <testcase name="multiplicando: 170" classname="com.example.posworks03.CalculadoraTest" time="0.001"/>
  <testcase name="multiplicando: 171" classname="com.example.posworks03.CalculadoraTest" time="0.001"/>
  <testcase name="multiplicando: 172" classname="com.example.posworks03.CalculadoraTest" time="0.0"/>
  <testcase name="multiplicando: 173" classname="com.example.posworks03.CalculadoraTest" time="0.0"/>
  <testcase name="multiplicando: 174" classname="com.example.posworks03.CalculadoraTest" time="0.0"/>
  <testcase name="multiplicando: 175" classname="com.example.posworks03.CalculadoraTest" time="0.0"/>
  <testcase name="multiplicando: 176" classname="com.example.posworks03.CalculadoraTest" time="0.0"/>
  <testcase name="multiplicando: 177" classname="com.example.posworks03.CalculadoraTest" time="0.001"/>
  <testcase name="multiplicando: 178" classname="com.example.posworks03.CalculadoraTest" time="0.0"/>
  <testcase name="multiplicando: 179" classname="com.example.posworks03.CalculadoraTest" time="0.001"/>
  <testcase name="multiplicando: 180" classname="com.example.posworks03.CalculadoraTest" time="0.0"/>
  <testcase name="multiplicando: 181" classname="com.example.posworks03.CalculadoraTest" time="0.0"/>
  <testcase name="multiplicando: 182" classname="com.example.posworks03.CalculadoraTest" time="0.0"/>
  <testcase name="multiplicando: 183" classname="com.example.posworks03.CalculadoraTest" time="0.001"/>
  <testcase name="multiplicando: 184" classname="com.example.posworks03.CalculadoraTest" time="0.003"/>
  <testcase name="multiplicando: 185" classname="com.example.posworks03.CalculadoraTest" time="0.001"/>
  <testcase name="multiplicando: 186" classname="com.example.posworks03.CalculadoraTest" time="0.001"/>
  <testcase name="multiplicando: 187" classname="com.example.posworks03.CalculadoraTest" time="0.0"/>
  <testcase name="multiplicando: 188" classname="com.example.posworks03.CalculadoraTest" time="0.001"/>
  <testcase name="multiplicando: 189" classname="com.example.posworks03.CalculadoraTest" time="0.001"/>
  <testcase name="multiplicando: 190" classname="com.example.posworks03.CalculadoraTest" time="0.0"/>
  <testcase name="multiplicando: 191" classname="com.example.posworks03.CalculadoraTest" time="0.0"/>
  <testcase name="multiplicando: 192" classname="com.example.posworks03.CalculadoraTest" time="0.0"/>
  <testcase name="multiplicando: 193" classname="com.example.posworks03.CalculadoraTest" time="0.0"/>
  <testcase name="multiplicando: 194" classname="com.example.posworks03.CalculadoraTest" time="0.0"/>
  <testcase name="multiplicando: 195" classname="com.example.posworks03.CalculadoraTest" time="0.0"/>
  <testcase name="multiplicando: 196" classname="com.example.posworks03.CalculadoraTest" time="0.0"/>
  <testcase name="multiplicando: 197" classname="com.example.posworks03.CalculadoraTest" time="0.0"/>
  <testcase name="multiplicando: 198" classname="com.example.posworks03.CalculadoraTest" time="0.0"/>
  <testcase name="multiplicando: 199" classname="com.example.posworks03.CalculadoraTest" time="0.0"/>
  <testcase name="multiplicando: 200" classname="com.example.posworks03.CalculadoraTest" time="0.0"/>
  <testcase name="multiplicando: 201" classname="com.example.posworks03.CalculadoraTest" time="0.001"/>
  <testcase name="multiplicando: 202" classname="com.example.posworks03.CalculadoraTest" time="0.001"/>
  <testcase name="multiplicando: 203" classname="com.example.posworks03.CalculadoraTest" time="0.0"/>
  <testcase name="multiplicando: 204" classname="com.example.posworks03.CalculadoraTest" time="0.0"/>
  <testcase name="multiplicando: 205" classname="com.example.posworks03.CalculadoraTest" time="0.0"/>
  <testcase name="multiplicando: 206" classname="com.example.posworks03.CalculadoraTest" time="0.0"/>
  <testcase name="multiplicando: 207" classname="com.example.posworks03.CalculadoraTest" time="0.0"/>
  <testcase name="multiplicando: 208" classname="com.example.posworks03.CalculadoraTest" time="0.0"/>
  <testcase name="multiplicando: 209" classname="com.example.posworks03.CalculadoraTest" time="0.0"/>
  <testcase name="multiplicando: 210" classname="com.example.posworks03.CalculadoraTest" time="0.0"/>
  <testcase name="multiplicando: 211" classname="com.example.posworks03.CalculadoraTest" time="0.0"/>
  <testcase name="multiplicando: 212" classname="com.example.posworks03.CalculadoraTest" time="0.0"/>
  <testcase name="multiplicando: 213" classname="com.example.posworks03.CalculadoraTest" time="0.0"/>
  <testcase name="multiplicando: 214" classname="com.example.posworks03.CalculadoraTest" time="0.0"/>
  <testcase name="multiplicando: 215" classname="com.example.posworks03.CalculadoraTest" time="0.0"/>
  <testcase name="multiplicando: 216" classname="com.example.posworks03.CalculadoraTest" time="0.0"/>
  <testcase name="multiplicando: 217" classname="com.example.posworks03.CalculadoraTest" time="0.0"/>
  <testcase name="multiplicando: 218" classname="com.example.posworks03.CalculadoraTest" time="0.0"/>
  <testcase name="multiplicando: 219" classname="com.example.posworks03.CalculadoraTest" time="0.0"/>
  <testcase name="multiplicando: 220" classname="com.example.posworks03.CalculadoraTest" time="0.0"/>
  <testcase name="multiplicando: 221" classname="com.example.posworks03.CalculadoraTest" time="0.0"/>
  <testcase name="multiplicando: 222" classname="com.example.posworks03.CalculadoraTest" time="0.001"/>
  <testcase name="multiplicando: 223" classname="com.example.posworks03.CalculadoraTest" time="0.0"/>
  <testcase name="multiplicando: 224" classname="com.example.posworks03.CalculadoraTest" time="0.0"/>
  <testcase name="multiplicando: 225" classname="com.example.posworks03.CalculadoraTest" time="0.001"/>
  <testcase name="multiplicando: 226" classname="com.example.posworks03.CalculadoraTest" time="0.0"/>
  <testcase name="multiplicando: 227" classname="com.example.posworks03.CalculadoraTest" time="0.0"/>
  <testcase name="multiplicando: 228" classname="com.example.posworks03.CalculadoraTest" time="0.0"/>
  <testcase name="multiplicando: 229" classname="com.example.posworks03.CalculadoraTest" time="0.0"/>
  <testcase name="multiplicando: 230" classname="com.example.posworks03.CalculadoraTest" time="0.0"/>
  <testcase name="multiplicando: 231" classname="com.example.posworks03.CalculadoraTest" time="0.0"/>
  <testcase name="multiplicando: 232" classname="com.example.posworks03.CalculadoraTest" time="0.0"/>
  <testcase name="multiplicando: 233" classname="com.example.posworks03.CalculadoraTest" time="0.0"/>
  <testcase name="multiplicando: 234" classname="com.example.posworks03.CalculadoraTest" time="0.001"/>
  <testcase name="multiplicando: 235" classname="com.example.posworks03.CalculadoraTest" time="0.0"/>
  <testcase name="multiplicando: 236" classname="com.example.posworks03.CalculadoraTest" time="0.0"/>
  <testcase name="multiplicando: 237" classname="com.example.posworks03.CalculadoraTest" time="0.0"/>
  <testcase name="multiplicando: 238" classname="com.example.posworks03.CalculadoraTest" time="0.0"/>
  <testcase name="multiplicando: 239" classname="com.example.posworks03.CalculadoraTest" time="0.001"/>
  <testcase name="multiplicando: 240" classname="com.example.posworks03.CalculadoraTest" time="0.001"/>
  <testcase name="multiplicando: 241" classname="com.example.posworks03.CalculadoraTest" time="0.001"/>
  <testcase name="multiplicando: 242" classname="com.example.posworks03.CalculadoraTest" time="0.0"/>
  <testcase name="multiplicando: 243" classname="com.example.posworks03.CalculadoraTest" time="0.001"/>
  <testcase name="multiplicando: 244" classname="com.example.posworks03.CalculadoraTest" time="0.001"/>
  <testcase name="multiplicando: 245" classname="com.example.posworks03.CalculadoraTest" time="0.0"/>
  <testcase name="multiplicando: 246" classname="com.example.posworks03.CalculadoraTest" time="0.0"/>
  <testcase name="multiplicando: 247" classname="com.example.posworks03.CalculadoraTest" time="0.001"/>
  <testcase name="multiplicando: 248" classname="com.example.posworks03.CalculadoraTest" time="0.0"/>
  <testcase name="multiplicando: 249" classname="com.example.posworks03.CalculadoraTest" time="0.0"/>
  <testcase name="multiplicando: 250" classname="com.example.posworks03.CalculadoraTest" time="0.001"/>
  <testcase name="multiplicando: 251" classname="com.example.posworks03.CalculadoraTest" time="0.001"/>
  <testcase name="multiplicando: 252" classname="com.example.posworks03.CalculadoraTest" time="0.0"/>
  <testcase name="multiplicando: 253" classname="com.example.posworks03.CalculadoraTest" time="0.0"/>
  <testcase name="multiplicando: 254" classname="com.example.posworks03.CalculadoraTest" time="0.0"/>
  <testcase name="multiplicando: 255" classname="com.example.posworks03.CalculadoraTest" time="0.0"/>
  <testcase name="multiplicando: 256" classname="com.example.posworks03.CalculadoraTest" time="0.0"/>
  <testcase name="multiplicando: 257" classname="com.example.posworks03.CalculadoraTest" time="0.001"/>
  <testcase name="multiplicando: 258" classname="com.example.posworks03.CalculadoraTest" time="0.0"/>
  <testcase name="multiplicando: 259" classname="com.example.posworks03.CalculadoraTest" time="0.0"/>
  <testcase name="multiplicando: 260" classname="com.example.posworks03.CalculadoraTest" time="0.0"/>
  <testcase name="multiplicando: 261" classname="com.example.posworks03.CalculadoraTest" time="0.0"/>
  <testcase name="multiplicando: 262" classname="com.example.posworks03.CalculadoraTest" time="0.001"/>
  <testcase name="multiplicando: 263" classname="com.example.posworks03.CalculadoraTest" time="0.0"/>
  <testcase name="multiplicando: 264" classname="com.example.posworks03.CalculadoraTest" time="0.001"/>
  <testcase name="multiplicando: 265" classname="com.example.posworks03.CalculadoraTest" time="0.0"/>
  <testcase name="multiplicando: 266" classname="com.example.posworks03.CalculadoraTest" time="0.0"/>
  <testcase name="multiplicando: 267" classname="com.example.posworks03.CalculadoraTest" time="0.001"/>
  <testcase name="multiplicando: 268" classname="com.example.posworks03.CalculadoraTest" time="0.001"/>
  <testcase name="multiplicando: 269" classname="com.example.posworks03.CalculadoraTest" time="0.003"/>
  <testcase name="multiplicando: 270" classname="com.example.posworks03.CalculadoraTest" time="0.002"/>
  <testcase name="multiplicando: 271" classname="com.example.posworks03.CalculadoraTest" time="0.001"/>
  <testcase name="multiplicando: 272" classname="com.example.posworks03.CalculadoraTest" time="0.001"/>
  <testcase name="multiplicando: 273" classname="com.example.posworks03.CalculadoraTest" time="0.001"/>
  <testcase name="multiplicando: 274" classname="com.example.posworks03.CalculadoraTest" time="0.0"/>
  <testcase name="multiplicando: 275" classname="com.example.posworks03.CalculadoraTest" time="0.0"/>
  <testcase name="multiplicando: 276" classname="com.example.posworks03.CalculadoraTest" time="0.0"/>
  <testcase name="multiplicando: 277" classname="com.example.posworks03.CalculadoraTest" time="0.0"/>
  <testcase name="multiplicando: 278" classname="com.example.posworks03.CalculadoraTest" time="0.0"/>
  <testcase name="multiplicando: 279" classname="com.example.posworks03.CalculadoraTest" time="0.0"/>
  <testcase name="multiplicando: 280" classname="com.example.posworks03.CalculadoraTest" time="0.0"/>
  <testcase name="multiplicando: 281" classname="com.example.posworks03.CalculadoraTest" time="0.001"/>
  <testcase name="multiplicando: 282" classname="com.example.posworks03.CalculadoraTest" time="0.001"/>
  <testcase name="multiplicando: 283" classname="com.example.posworks03.CalculadoraTest" time="0.001"/>
  <testcase name="multiplicando: 284" classname="com.example.posworks03.CalculadoraTest" time="0.001"/>
  <testcase name="multiplicando: 285" classname="com.example.posworks03.CalculadoraTest" time="0.001"/>
  <testcase name="multiplicando: 286" classname="com.example.posworks03.CalculadoraTest" time="0.0"/>
  <testcase name="multiplicando: 287" classname="com.example.posworks03.CalculadoraTest" time="0.0"/>
  <testcase name="multiplicando: 288" classname="com.example.posworks03.CalculadoraTest" time="0.0"/>
  <testcase name="multiplicando: 289" classname="com.example.posworks03.CalculadoraTest" time="0.0"/>
  <testcase name="multiplicando: 290" classname="com.example.posworks03.CalculadoraTest" time="0.002"/>
  <testcase name="multiplicando: 291" classname="com.example.posworks03.CalculadoraTest" time="0.002"/>
  <testcase name="multiplicando: 292" classname="com.example.posworks03.CalculadoraTest" time="0.001"/>
  <testcase name="multiplicando: 293" classname="com.example.posworks03.CalculadoraTest" time="0.001"/>
  <testcase name="multiplicando: 294" classname="com.example.posworks03.CalculadoraTest" time="0.0"/>
  <testcase name="multiplicando: 295" classname="com.example.posworks03.CalculadoraTest" time="0.0"/>
  <testcase name="multiplicando: 296" classname="com.example.posworks03.CalculadoraTest" time="0.0"/>
  <testcase name="multiplicando: 297" classname="com.example.posworks03.CalculadoraTest" time="0.001"/>
  <testcase name="multiplicando: 298" classname="com.example.posworks03.CalculadoraTest" time="0.0"/>
  <testcase name="multiplicando: 299" classname="com.example.posworks03.CalculadoraTest" time="0.001"/>
  <testcase name="multiplicando: 300" classname="com.example.posworks03.CalculadoraTest" time="0.002"/>
  <testcase name="multiplicando: 301" classname="com.example.posworks03.CalculadoraTest" time="0.001"/>
  <testcase name="multiplicando: 302" classname="com.example.posworks03.CalculadoraTest" time="0.001"/>
  <testcase name="multiplicando: 303" classname="com.example.posworks03.CalculadoraTest" time="0.001"/>
  <testcase name="multiplicando: 304" classname="com.example.posworks03.CalculadoraTest" time="0.0"/>
  <testcase name="multiplicando: 305" classname="com.example.posworks03.CalculadoraTest" time="0.0"/>
  <testcase name="multiplicando: 306" classname="com.example.posworks03.CalculadoraTest" time="0.0"/>
  <testcase name="multiplicando: 307" classname="com.example.posworks03.CalculadoraTest" time="0.0"/>
  <testcase name="multiplicando: 308" classname="com.example.posworks03.CalculadoraTest" time="0.0"/>
  <testcase name="multiplicando: 309" classname="com.example.posworks03.CalculadoraTest" time="0.0"/>
  <testcase name="multiplicando: 310" classname="com.example.posworks03.CalculadoraTest" time="0.0"/>
  <testcase name="multiplicando: 311" classname="com.example.posworks03.CalculadoraTest" time="0.0"/>
  <testcase name="multiplicando: 312" classname="com.example.posworks03.CalculadoraTest" time="0.001"/>
  <testcase name="multiplicando: 313" classname="com.example.posworks03.CalculadoraTest" time="0.001"/>
  <testcase name="multiplicando: 314" classname="com.example.posworks03.CalculadoraTest" time="0.001"/>
  <testcase name="multiplicando: 315" classname="com.example.posworks03.CalculadoraTest" time="0.001"/>
  <testcase name="multiplicando: 316" classname="com.example.posworks03.CalculadoraTest" time="0.0"/>
  <testcase name="multiplicando: 317" classname="com.example.posworks03.CalculadoraTest" time="0.0"/>
  <testcase name="multiplicando: 318" classname="com.example.posworks03.CalculadoraTest" time="0.001"/>
  <testcase name="multiplicando: 319" classname="com.example.posworks03.CalculadoraTest" time="0.0"/>
  <testcase name="multiplicando: 320" classname="com.example.posworks03.CalculadoraTest" time="0.0"/>
  <testcase name="multiplicando: 321" classname="com.example.posworks03.CalculadoraTest" time="0.001"/>
  <testcase name="multiplicando: 322" classname="com.example.posworks03.CalculadoraTest" time="0.0"/>
  <testcase name="multiplicando: 323" classname="com.example.posworks03.CalculadoraTest" time="0.0"/>
  <testcase name="multiplicando: 324" classname="com.example.posworks03.CalculadoraTest" time="0.0"/>
  <testcase name="multiplicando: 325" classname="com.example.posworks03.CalculadoraTest" time="0.0"/>
  <testcase name="multiplicando: 326" classname="com.example.posworks03.CalculadoraTest" time="0.0"/>
  <testcase name="multiplicando: 327" classname="com.example.posworks03.CalculadoraTest" time="0.0"/>
  <testcase name="multiplicando: 328" classname="com.example.posworks03.CalculadoraTest" time="0.001"/>
  <testcase name="multiplicando: 329" classname="com.example.posworks03.CalculadoraTest" time="0.0"/>
  <testcase name="multiplicando: 330" classname="com.example.posworks03.CalculadoraTest" time="0.0"/>
  <testcase name="multiplicando: 331" classname="com.example.posworks03.CalculadoraTest" time="0.0"/>
  <testcase name="multiplicando: 332" classname="com.example.posworks03.CalculadoraTest" time="0.0"/>
  <testcase name="multiplicando: 333" classname="com.example.posworks03.CalculadoraTest" time="0.0"/>
  <testcase name="multiplicando: 334" classname="com.example.posworks03.CalculadoraTest" time="0.0"/>
  <testcase name="multiplicando: 335" classname="com.example.posworks03.CalculadoraTest" time="0.001"/>
  <testcase name="multiplicando: 336" classname="com.example.posworks03.CalculadoraTest" time="0.001"/>
  <testcase name="multiplicando: 337" classname="com.example.posworks03.CalculadoraTest" time="0.001"/>
  <testcase name="multiplicando: 338" classname="com.example.posworks03.CalculadoraTest" time="0.0"/>
  <testcase name="multiplicando: 339" classname="com.example.posworks03.CalculadoraTest" time="0.001"/>
  <testcase name="multiplicando: 340" classname="com.example.posworks03.CalculadoraTest" time="0.001"/>
  <testcase name="multiplicando: 341" classname="com.example.posworks03.CalculadoraTest" time="0.0"/>
  <testcase name="multiplicando: 342" classname="com.example.posworks03.CalculadoraTest" time="0.002"/>
  <testcase name="multiplicando: 343" classname="com.example.posworks03.CalculadoraTest" time="0.0"/>
  <testcase name="multiplicando: 344" classname="com.example.posworks03.CalculadoraTest" time="0.0"/>
  <testcase name="multiplicando: 345" classname="com.example.posworks03.CalculadoraTest" time="0.0"/>
  <testcase name="multiplicando: 346" classname="com.example.posworks03.CalculadoraTest" time="0.0"/>
  <testcase name="multiplicando: 347" classname="com.example.posworks03.CalculadoraTest" time="0.001"/>
  <testcase name="multiplicando: 348" classname="com.example.posworks03.CalculadoraTest" time="0.0"/>
  <testcase name="multiplicando: 349" classname="com.example.posworks03.CalculadoraTest" time="0.0"/>
  <testcase name="multiplicando: 350" classname="com.example.posworks03.CalculadoraTest" time="0.0"/>
  <testcase name="multiplicando: 351" classname="com.example.posworks03.CalculadoraTest" time="0.0"/>
  <testcase name="multiplicando: 352" classname="com.example.posworks03.CalculadoraTest" time="0.0"/>
  <testcase name="multiplicando: 353" classname="com.example.posworks03.CalculadoraTest" time="0.0"/>
  <testcase name="multiplicando: 354" classname="com.example.posworks03.CalculadoraTest" time="0.0"/>
  <testcase name="multiplicando: 355" classname="com.example.posworks03.CalculadoraTest" time="0.0"/>
  <testcase name="multiplicando: 356" classname="com.example.posworks03.CalculadoraTest" time="0.0"/>
  <testcase name="multiplicando: 357" classname="com.example.posworks03.CalculadoraTest" time="0.001"/>
  <testcase name="multiplicando: 358" classname="com.example.posworks03.CalculadoraTest" time="0.0"/>
  <testcase name="multiplicando: 359" classname="com.example.posworks03.CalculadoraTest" time="0.0"/>
  <testcase name="multiplicando: 360" classname="com.example.posworks03.CalculadoraTest" time="0.0"/>
  <testcase name="multiplicando: 361" classname="com.example.posworks03.CalculadoraTest" time="0.0"/>
  <testcase name="multiplicando: 362" classname="com.example.posworks03.CalculadoraTest" time="0.0"/>
  <testcase name="multiplicando: 363" classname="com.example.posworks03.CalculadoraTest" time="0.0"/>
  <testcase name="multiplicando: 364" classname="com.example.posworks03.CalculadoraTest" time="0.0"/>
  <testcase name="multiplicando: 365" classname="com.example.posworks03.CalculadoraTest" time="0.0"/>
  <testcase name="multiplicando: 366" classname="com.example.posworks03.CalculadoraTest" time="0.0"/>
  <testcase name="multiplicando: 367" classname="com.example.posworks03.CalculadoraTest" time="0.0"/>
  <testcase name="multiplicando: 368" classname="com.example.posworks03.CalculadoraTest" time="0.0"/>
  <testcase name="multiplicando: 369" classname="com.example.posworks03.CalculadoraTest" time="0.0"/>
  <testcase name="multiplicando: 370" classname="com.example.posworks03.CalculadoraTest" time="0.001"/>
  <testcase name="multiplicando: 371" classname="com.example.posworks03.CalculadoraTest" time="0.0"/>
  <testcase name="multiplicando: 372" classname="com.example.posworks03.CalculadoraTest" time="0.0"/>
  <testcase name="multiplicando: 373" classname="com.example.posworks03.CalculadoraTest" time="0.0"/>
  <testcase name="multiplicando: 374" classname="com.example.posworks03.CalculadoraTest" time="0.0"/>
  <testcase name="multiplicando: 375" classname="com.example.posworks03.CalculadoraTest" time="0.001"/>
  <testcase name="multiplicando: 376" classname="com.example.posworks03.CalculadoraTest" time="0.0"/>
  <testcase name="multiplicando: 377" classname="com.example.posworks03.CalculadoraTest" time="0.001"/>
  <testcase name="multiplicando: 378" classname="com.example.posworks03.CalculadoraTest" time="0.001"/>
  <testcase name="multiplicando: 379" classname="com.example.posworks03.CalculadoraTest" time="0.001"/>
  <testcase name="multiplicando: 380" classname="com.example.posworks03.CalculadoraTest" time="0.0"/>
  <testcase name="multiplicando: 381" classname="com.example.posworks03.CalculadoraTest" time="0.001"/>
  <testcase name="multiplicando: 382" classname="com.example.posworks03.CalculadoraTest" time="0.0"/>
  <testcase name="multiplicando: 383" classname="com.example.posworks03.CalculadoraTest" time="0.001"/>
  <testcase name="multiplicando: 384" classname="com.example.posworks03.CalculadoraTest" time="0.0"/>
  <testcase name="multiplicando: 385" classname="com.example.posworks03.CalculadoraTest" time="0.0"/>
  <testcase name="multiplicando: 386" classname="com.example.posworks03.CalculadoraTest" time="0.0"/>
  <testcase name="multiplicando: 387" classname="com.example.posworks03.CalculadoraTest" time="0.0"/>
  <testcase name="multiplicando: 388" classname="com.example.posworks03.CalculadoraTest" time="0.001"/>
  <testcase name="multiplicando: 389" classname="com.example.posworks03.CalculadoraTest" time="0.0"/>
  <testcase name="multiplicando: 390" classname="com.example.posworks03.CalculadoraTest" time="0.0"/>
  <testcase name="multiplicando: 391" classname="com.example.posworks03.CalculadoraTest" time="0.001"/>
  <testcase name="multiplicando: 392" classname="com.example.posworks03.CalculadoraTest" time="0.0"/>
  <testcase name="multiplicando: 393" classname="com.example.posworks03.CalculadoraTest" time="0.0"/>
  <testcase name="multiplicando: 394" classname="com.example.posworks03.CalculadoraTest" time="0.001"/>
  <testcase name="multiplicando: 395" classname="com.example.posworks03.CalculadoraTest" time="0.0"/>
  <testcase name="multiplicando: 396" classname="com.example.posworks03.CalculadoraTest" time="0.0"/>
  <testcase name="multiplicando: 397" classname="com.example.posworks03.CalculadoraTest" time="0.0"/>
  <testcase name="multiplicando: 398" classname="com.example.posworks03.CalculadoraTest" time="0.0"/>
  <testcase name="multiplicando: 399" classname="com.example.posworks03.CalculadoraTest" time="0.0"/>
  <testcase name="multiplicando: 400" classname="com.example.posworks03.CalculadoraTest" time="0.001"/>
  <testcase name="multiplicando: 401" classname="com.example.posworks03.CalculadoraTest" time="0.0"/>
  <testcase name="multiplicando: 402" classname="com.example.posworks03.CalculadoraTest" time="0.0"/>
  <testcase name="multiplicando: 403" classname="com.example.posworks03.CalculadoraTest" time="0.0"/>
  <testcase name="multiplicando: 404" classname="com.example.posworks03.CalculadoraTest" time="0.0"/>
  <testcase name="multiplicando: 405" classname="com.example.posworks03.CalculadoraTest" time="0.0"/>
  <testcase name="multiplicando: 406" classname="com.example.posworks03.CalculadoraTest" time="0.0"/>
  <testcase name="multiplicando: 407" classname="com.example.posworks03.CalculadoraTest" time="0.0"/>
  <testcase name="multiplicando: 408" classname="com.example.posworks03.CalculadoraTest" time="0.0"/>
  <testcase name="multiplicando: 409" classname="com.example.posworks03.CalculadoraTest" time="0.0"/>
  <testcase name="multiplicando: 410" classname="com.example.posworks03.CalculadoraTest" time="0.0"/>
  <testcase name="multiplicando: 411" classname="com.example.posworks03.CalculadoraTest" time="0.0"/>
  <testcase name="multiplicando: 412" classname="com.example.posworks03.CalculadoraTest" time="0.0"/>
  <testcase name="multiplicando: 413" classname="com.example.posworks03.CalculadoraTest" time="0.0"/>
  <testcase name="multiplicando: 414" classname="com.example.posworks03.CalculadoraTest" time="0.0"/>
  <testcase name="multiplicando: 415" classname="com.example.posworks03.CalculadoraTest" time="0.0"/>
  <testcase name="multiplicando: 416" classname="com.example.posworks03.CalculadoraTest" time="0.001"/>
  <testcase name="multiplicando: 417" classname="com.example.posworks03.CalculadoraTest" time="0.0"/>
  <testcase name="multiplicando: 418" classname="com.example.posworks03.CalculadoraTest" time="0.0"/>
  <testcase name="multiplicando: 419" classname="com.example.posworks03.CalculadoraTest" time="0.0"/>
  <testcase name="multiplicando: 420" classname="com.example.posworks03.CalculadoraTest" time="0.0"/>
  <testcase name="multiplicando: 421" classname="com.example.posworks03.CalculadoraTest" time="0.0"/>
  <testcase name="multiplicando: 422" classname="com.example.posworks03.CalculadoraTest" time="0.0"/>
  <testcase name="multiplicando: 423" classname="com.example.posworks03.CalculadoraTest" time="0.0"/>
  <testcase name="multiplicando: 424" classname="com.example.posworks03.CalculadoraTest" time="0.0"/>
  <testcase name="multiplicando: 425" classname="com.example.posworks03.CalculadoraTest" time="0.001"/>
  <testcase name="multiplicando: 426" classname="com.example.posworks03.CalculadoraTest" time="0.0"/>
  <testcase name="multiplicando: 427" classname="com.example.posworks03.CalculadoraTest" time="0.0"/>
  <testcase name="multiplicando: 428" classname="com.example.posworks03.CalculadoraTest" time="0.0"/>
  <testcase name="multiplicando: 429" classname="com.example.posworks03.CalculadoraTest" time="0.0"/>
  <testcase name="multiplicando: 430" classname="com.example.posworks03.CalculadoraTest" time="0.0"/>
  <testcase name="multiplicando: 431" classname="com.example.posworks03.CalculadoraTest" time="0.0"/>
  <testcase name="multiplicando: 432" classname="com.example.posworks03.CalculadoraTest" time="0.0"/>
  <testcase name="multiplicando: 433" classname="com.example.posworks03.CalculadoraTest" time="0.0"/>
  <testcase name="multiplicando: 434" classname="com.example.posworks03.CalculadoraTest" time="0.0"/>
  <testcase name="multiplicando: 435" classname="com.example.posworks03.CalculadoraTest" time="0.001"/>
  <testcase name="multiplicando: 436" classname="com.example.posworks03.CalculadoraTest" time="0.0"/>
  <testcase name="multiplicando: 437" classname="com.example.posworks03.CalculadoraTest" time="0.001"/>
  <testcase name="multiplicando: 438" classname="com.example.posworks03.CalculadoraTest" time="0.0"/>
  <testcase name="multiplicando: 439" classname="com.example.posworks03.CalculadoraTest" time="0.001"/>
  <testcase name="multiplicando: 440" classname="com.example.posworks03.CalculadoraTest" time="0.0"/>
  <testcase name="multiplicando: 441" classname="com.example.posworks03.CalculadoraTest" time="0.0"/>
  <testcase name="multiplicando: 442" classname="com.example.posworks03.CalculadoraTest" time="0.0"/>
  <testcase name="multiplicando: 443" classname="com.example.posworks03.CalculadoraTest" time="0.001"/>
  <testcase name="multiplicando: 444" classname="com.example.posworks03.CalculadoraTest" time="0.0"/>
  <testcase name="multiplicando: 445" classname="com.example.posworks03.CalculadoraTest" time="0.0"/>
  <testcase name="multiplicando: 446" classname="com.example.posworks03.CalculadoraTest" time="0.001"/>
  <testcase name="multiplicando: 447" classname="com.example.posworks03.CalculadoraTest" time="0.0"/>
  <testcase name="multiplicando: 448" classname="com.example.posworks03.CalculadoraTest" time="0.0"/>
  <testcase name="multiplicando: 449" classname="com.example.posworks03.CalculadoraTest" time="0.0"/>
  <testcase name="multiplicando: 450" classname="com.example.posworks03.CalculadoraTest" time="0.0"/>
  <testcase name="multiplicando: 451" classname="com.example.posworks03.CalculadoraTest" time="0.0"/>
  <testcase name="multiplicando: 452" classname="com.example.posworks03.CalculadoraTest" time="0.0"/>
  <testcase name="multiplicando: 453" classname="com.example.posworks03.CalculadoraTest" time="0.0"/>
  <testcase name="multiplicando: 454" classname="com.example.posworks03.CalculadoraTest" time="0.0"/>
  <testcase name="multiplicando: 455" classname="com.example.posworks03.CalculadoraTest" time="0.0"/>
  <testcase name="multiplicando: 456" classname="com.example.posworks03.CalculadoraTest" time="0.0"/>
  <testcase name="multiplicando: 457" classname="com.example.posworks03.CalculadoraTest" time="0.0"/>
  <testcase name="multiplicando: 458" classname="com.example.posworks03.CalculadoraTest" time="0.001"/>
  <testcase name="multiplicando: 459" classname="com.example.posworks03.CalculadoraTest" time="0.0"/>
  <testcase name="multiplicando: 460" classname="com.example.posworks03.CalculadoraTest" time="0.0"/>
  <testcase name="multiplicando: 461" classname="com.example.posworks03.CalculadoraTest" time="0.0"/>
  <testcase name="multiplicando: 462" classname="com.example.posworks03.CalculadoraTest" time="0.0"/>
  <testcase name="multiplicando: 463" classname="com.example.posworks03.CalculadoraTest" time="0.0"/>
  <testcase name="multiplicando: 464" classname="com.example.posworks03.CalculadoraTest" time="0.001"/>
  <testcase name="multiplicando: 465" classname="com.example.posworks03.CalculadoraTest" time="0.0"/>
  <testcase name="multiplicando: 466" classname="com.example.posworks03.CalculadoraTest" time="0.0"/>
  <testcase name="multiplicando: 467" classname="com.example.posworks03.CalculadoraTest" time="0.0"/>
  <testcase name="multiplicando: 468" classname="com.example.posworks03.CalculadoraTest" time="0.0"/>
  <testcase name="multiplicando: 469" classname="com.example.posworks03.CalculadoraTest" time="0.0"/>
  <testcase name="multiplicando: 470" classname="com.example.posworks03.CalculadoraTest" time="0.0"/>
  <testcase name="multiplicando: 471" classname="com.example.posworks03.CalculadoraTest" time="0.0"/>
  <testcase name="multiplicando: 472" classname="com.example.posworks03.CalculadoraTest" time="0.0"/>
  <testcase name="multiplicando: 473" classname="com.example.posworks03.CalculadoraTest" time="0.0"/>
  <testcase name="multiplicando: 474" classname="com.example.posworks03.CalculadoraTest" time="0.0"/>
  <testcase name="multiplicando: 475" classname="com.example.posworks03.CalculadoraTest" time="0.0"/>
  <testcase name="multiplicando: 476" classname="com.example.posworks03.CalculadoraTest" time="0.0"/>
  <testcase name="multiplicando: 477" classname="com.example.posworks03.CalculadoraTest" time="0.0"/>
  <testcase name="multiplicando: 478" classname="com.example.posworks03.CalculadoraTest" time="0.0"/>
  <testcase name="multiplicando: 479" classname="com.example.posworks03.CalculadoraTest" time="0.0"/>
  <testcase name="multiplicando: 480" classname="com.example.posworks03.CalculadoraTest" time="0.0"/>
  <testcase name="multiplicando: 481" classname="com.example.posworks03.CalculadoraTest" time="0.0"/>
  <testcase name="multiplicando: 482" classname="com.example.posworks03.CalculadoraTest" time="0.0"/>
  <testcase name="multiplicando: 483" classname="com.example.posworks03.CalculadoraTest" time="0.0"/>
  <testcase name="multiplicando: 484" classname="com.example.posworks03.CalculadoraTest" time="0.0"/>
  <testcase name="multiplicando: 485" classname="com.example.posworks03.CalculadoraTest" time="0.001"/>
  <testcase name="multiplicando: 486" classname="com.example.posworks03.CalculadoraTest" time="0.0"/>
  <testcase name="multiplicando: 487" classname="com.example.posworks03.CalculadoraTest" time="0.0"/>
  <testcase name="multiplicando: 488" classname="com.example.posworks03.CalculadoraTest" time="0.001"/>
  <testcase name="multiplicando: 489" classname="com.example.posworks03.CalculadoraTest" time="0.0"/>
  <testcase name="multiplicando: 490" classname="com.example.posworks03.CalculadoraTest" time="0.0"/>
  <testcase name="multiplicando: 491" classname="com.example.posworks03.CalculadoraTest" time="0.0"/>
  <testcase name="multiplicando: 492" classname="com.example.posworks03.CalculadoraTest" time="0.0"/>
  <testcase name="multiplicando: 493" classname="com.example.posworks03.CalculadoraTest" time="0.0"/>
  <testcase name="multiplicando: 494" classname="com.example.posworks03.CalculadoraTest" time="0.001"/>
  <testcase name="multiplicando: 495" classname="com.example.posworks03.CalculadoraTest" time="0.001"/>
  <testcase name="multiplicando: 496" classname="com.example.posworks03.CalculadoraTest" time="0.0"/>
  <testcase name="multiplicando: 497" classname="com.example.posworks03.CalculadoraTest" time="0.001"/>
  <testcase name="multiplicando: 498" classname="com.example.posworks03.CalculadoraTest" time="0.002"/>
  <testcase name="multiplicando: 499" classname="com.example.posworks03.CalculadoraTest" time="0.001"/>
  <testcase name="multiplicando: 500" classname="com.example.posworks03.CalculadoraTest" time="0.001"/>
  <testcase name="multiplicando: 501" classname="com.example.posworks03.CalculadoraTest" time="0.0"/>
  <testcase name="multiplicando: 502" classname="com.example.posworks03.CalculadoraTest" time="0.001"/>
  <testcase name="multiplicando: 503" classname="com.example.posworks03.CalculadoraTest" time="0.001"/>
  <testcase name="multiplicando: 504" classname="com.example.posworks03.CalculadoraTest" time="0.0"/>
  <testcase name="multiplicando: 505" classname="com.example.posworks03.CalculadoraTest" time="0.001"/>
  <testcase name="multiplicando: 506" classname="com.example.posworks03.CalculadoraTest" time="0.001"/>
  <testcase name="multiplicando: 507" classname="com.example.posworks03.CalculadoraTest" time="0.001"/>
  <testcase name="multiplicando: 508" classname="com.example.posworks03.CalculadoraTest" time="0.0"/>
  <testcase name="multiplicando: 509" classname="com.example.posworks03.CalculadoraTest" time="0.0"/>
  <testcase name="multiplicando: 510" classname="com.example.posworks03.CalculadoraTest" time="0.0"/>
  <testcase name="multiplicando: 511" classname="com.example.posworks03.CalculadoraTest" time="0.001"/>
  <testcase name="multiplicando: 512" classname="com.example.posworks03.CalculadoraTest" time="0.001"/>
  <testcase name="multiplicando: 513" classname="com.example.posworks03.CalculadoraTest" time="0.0"/>
  <testcase name="multiplicando: 514" classname="com.example.posworks03.CalculadoraTest" time="0.0"/>
  <testcase name="multiplicando: 515" classname="com.example.posworks03.CalculadoraTest" time="0.0"/>
  <testcase name="multiplicando: 516" classname="com.example.posworks03.CalculadoraTest" time="0.0"/>
  <testcase name="multiplicando: 517" classname="com.example.posworks03.CalculadoraTest" time="0.001"/>
  <testcase name="multiplicando: 518" classname="com.example.posworks03.CalculadoraTest" time="0.0"/>
  <testcase name="multiplicando: 519" classname="com.example.posworks03.CalculadoraTest" time="0.0"/>
  <testcase name="multiplicando: 520" classname="com.example.posworks03.CalculadoraTest" time="0.0"/>
  <testcase name="multiplicando: 521" classname="com.example.posworks03.CalculadoraTest" time="0.0"/>
  <testcase name="multiplicando: 522" classname="com.example.posworks03.CalculadoraTest" time="0.0"/>
  <testcase name="multiplicando: 523" classname="com.example.posworks03.CalculadoraTest" time="0.0"/>
  <testcase name="multiplicando: 524" classname="com.example.posworks03.CalculadoraTest" time="0.0"/>
  <testcase name="multiplicando: 525" classname="com.example.posworks03.CalculadoraTest" time="0.0"/>
  <testcase name="multiplicando: 526" classname="com.example.posworks03.CalculadoraTest" time="0.0"/>
  <testcase name="multiplicando: 527" classname="com.example.posworks03.CalculadoraTest" time="0.0"/>
  <testcase name="multiplicando: 528" classname="com.example.posworks03.CalculadoraTest" time="0.0"/>
  <testcase name="multiplicando: 529" classname="com.example.posworks03.CalculadoraTest" time="0.0"/>
  <testcase name="multiplicando: 530" classname="com.example.posworks03.CalculadoraTest" time="0.0"/>
  <testcase name="multiplicando: 531" classname="com.example.posworks03.CalculadoraTest" time="0.0"/>
  <testcase name="multiplicando: 532" classname="com.example.posworks03.CalculadoraTest" time="0.0"/>
  <testcase name="multiplicando: 533" classname="com.example.posworks03.CalculadoraTest" time="0.001"/>
  <testcase name="multiplicando: 534" classname="com.example.posworks03.CalculadoraTest" time="0.001"/>
  <testcase name="multiplicando: 535" classname="com.example.posworks03.CalculadoraTest" time="0.0"/>
  <testcase name="multiplicando: 536" classname="com.example.posworks03.CalculadoraTest" time="0.0"/>
  <testcase name="multiplicando: 537" classname="com.example.posworks03.CalculadoraTest" time="0.0"/>
  <testcase name="multiplicando: 538" classname="com.example.posworks03.CalculadoraTest" time="0.0"/>
  <testcase name="multiplicando: 539" classname="com.example.posworks03.CalculadoraTest" time="0.0"/>
  <testcase name="multiplicando: 540" classname="com.example.posworks03.CalculadoraTest" time="0.0"/>
  <testcase name="multiplicando: 541" classname="com.example.posworks03.CalculadoraTest" time="0.0"/>
  <testcase name="multiplicando: 542" classname="com.example.posworks03.CalculadoraTest" time="0.001"/>
  <testcase name="multiplicando: 543" classname="com.example.posworks03.CalculadoraTest" time="0.0"/>
  <testcase name="multiplicando: 544" classname="com.example.posworks03.CalculadoraTest" time="0.001"/>
  <testcase name="multiplicando: 545" classname="com.example.posworks03.CalculadoraTest" time="0.0"/>
  <testcase name="multiplicando: 546" classname="com.example.posworks03.CalculadoraTest" time="0.0"/>
  <testcase name="multiplicando: 547" classname="com.example.posworks03.CalculadoraTest" time="0.005"/>
  <testcase name="multiplicando: 548" classname="com.example.posworks03.CalculadoraTest" time="0.001"/>
  <testcase name="multiplicando: 549" classname="com.example.posworks03.CalculadoraTest" time="0.0"/>
  <testcase name="multiplicando: 550" classname="com.example.posworks03.CalculadoraTest" time="0.001"/>
  <testcase name="multiplicando: 551" classname="com.example.posworks03.CalculadoraTest" time="0.0"/>
  <testcase name="multiplicando: 552" classname="com.example.posworks03.CalculadoraTest" time="0.0"/>
  <testcase name="multiplicando: 553" classname="com.example.posworks03.CalculadoraTest" time="0.001"/>
  <testcase name="multiplicando: 554" classname="com.example.posworks03.CalculadoraTest" time="0.0"/>
  <testcase name="multiplicando: 555" classname="com.example.posworks03.CalculadoraTest" time="0.001"/>
  <testcase name="multiplicando: 556" classname="com.example.posworks03.CalculadoraTest" time="0.0"/>
  <testcase name="multiplicando: 557" classname="com.example.posworks03.CalculadoraTest" time="0.0"/>
  <testcase name="multiplicando: 558" classname="com.example.posworks03.CalculadoraTest" time="0.0"/>
  <testcase name="multiplicando: 559" classname="com.example.posworks03.CalculadoraTest" time="0.0"/>
  <testcase name="multiplicando: 560" classname="com.example.posworks03.CalculadoraTest" time="0.001"/>
  <testcase name="multiplicando: 561" classname="com.example.posworks03.CalculadoraTest" time="0.0"/>
  <testcase name="multiplicando: 562" classname="com.example.posworks03.CalculadoraTest" time="0.001"/>
  <testcase name="multiplicando: 563" classname="com.example.posworks03.CalculadoraTest" time="0.0"/>
  <testcase name="multiplicando: 564" classname="com.example.posworks03.CalculadoraTest" time="0.0"/>
  <testcase name="multiplicando: 565" classname="com.example.posworks03.CalculadoraTest" time="0.0"/>
  <testcase name="multiplicando: 566" classname="com.example.posworks03.CalculadoraTest" time="0.0"/>
  <testcase name="multiplicando: 567" classname="com.example.posworks03.CalculadoraTest" time="0.0"/>
  <testcase name="multiplicando: 568" classname="com.example.posworks03.CalculadoraTest" time="0.001"/>
  <testcase name="multiplicando: 569" classname="com.example.posworks03.CalculadoraTest" time="0.0"/>
  <testcase name="multiplicando: 570" classname="com.example.posworks03.CalculadoraTest" time="0.0"/>
  <testcase name="multiplicando: 571" classname="com.example.posworks03.CalculadoraTest" time="0.001"/>
  <testcase name="multiplicando: 572" classname="com.example.posworks03.CalculadoraTest" time="0.0"/>
  <testcase name="multiplicando: 573" classname="com.example.posworks03.CalculadoraTest" time="0.0"/>
  <testcase name="multiplicando: 574" classname="com.example.posworks03.CalculadoraTest" time="0.0"/>
  <testcase name="multiplicando: 575" classname="com.example.posworks03.CalculadoraTest" time="0.0"/>
  <testcase name="multiplicando: 576" classname="com.example.posworks03.CalculadoraTest" time="0.0"/>
  <testcase name="multiplicando: 577" classname="com.example.posworks03.CalculadoraTest" time="0.005"/>
  <testcase name="multiplicando: 578" classname="com.example.posworks03.CalculadoraTest" time="0.0"/>
  <testcase name="multiplicando: 579" classname="com.example.posworks03.CalculadoraTest" time="0.0"/>
  <testcase name="multiplicando: 580" classname="com.example.posworks03.CalculadoraTest" time="0.0"/>
  <testcase name="multiplicando: 581" classname="com.example.posworks03.CalculadoraTest" time="0.0"/>
  <testcase name="multiplicando: 582" classname="com.example.posworks03.CalculadoraTest" time="0.0"/>
  <testcase name="multiplicando: 583" classname="com.example.posworks03.CalculadoraTest" time="0.001"/>
  <testcase name="multiplicando: 584" classname="com.example.posworks03.CalculadoraTest" time="0.001"/>
  <testcase name="multiplicando: 585" classname="com.example.posworks03.CalculadoraTest" time="0.0"/>
  <testcase name="multiplicando: 586" classname="com.example.posworks03.CalculadoraTest" time="0.0"/>
  <testcase name="multiplicando: 587" classname="com.example.posworks03.CalculadoraTest" time="0.0"/>
  <testcase name="multiplicando: 588" classname="com.example.posworks03.CalculadoraTest" time="0.001"/>
  <testcase name="multiplicando: 589" classname="com.example.posworks03.CalculadoraTest" time="0.0"/>
  <testcase name="multiplicando: 590" classname="com.example.posworks03.CalculadoraTest" time="0.001"/>
  <testcase name="multiplicando: 591" classname="com.example.posworks03.CalculadoraTest" time="0.001"/>
  <testcase name="multiplicando: 592" classname="com.example.posworks03.CalculadoraTest" time="0.001"/>
  <testcase name="multiplicando: 593" classname="com.example.posworks03.CalculadoraTest" time="0.0"/>
  <testcase name="multiplicando: 594" classname="com.example.posworks03.CalculadoraTest" time="0.0"/>
  <testcase name="multiplicando: 595" classname="com.example.posworks03.CalculadoraTest" time="0.0"/>
  <testcase name="multiplicando: 596" classname="com.example.posworks03.CalculadoraTest" time="0.0"/>
  <testcase name="multiplicando: 597" classname="com.example.posworks03.CalculadoraTest" time="0.001"/>
  <testcase name="multiplicando: 598" classname="com.example.posworks03.CalculadoraTest" time="0.0"/>
  <testcase name="multiplicando: 599" classname="com.example.posworks03.CalculadoraTest" time="0.001"/>
  <testcase name="multiplicando: 600" classname="com.example.posworks03.CalculadoraTest" time="0.003"/>
  <testcase name="multiplicando: 601" classname="com.example.posworks03.CalculadoraTest" time="0.0"/>
  <testcase name="multiplicando: 602" classname="com.example.posworks03.CalculadoraTest" time="0.001"/>
  <testcase name="multiplicando: 603" classname="com.example.posworks03.CalculadoraTest" time="0.001"/>
  <testcase name="multiplicando: 604" classname="com.example.posworks03.CalculadoraTest" time="0.0"/>
  <testcase name="multiplicando: 605" classname="com.example.posworks03.CalculadoraTest" time="0.001"/>
  <testcase name="multiplicando: 606" classname="com.example.posworks03.CalculadoraTest" time="0.001"/>
  <testcase name="multiplicando: 607" classname="com.example.posworks03.CalculadoraTest" time="0.0"/>
  <testcase name="multiplicando: 608" classname="com.example.posworks03.CalculadoraTest" time="0.001"/>
  <testcase name="multiplicando: 609" classname="com.example.posworks03.CalculadoraTest" time="0.002"/>
  <testcase name="multiplicando: 610" classname="com.example.posworks03.CalculadoraTest" time="0.0"/>
  <testcase name="multiplicando: 611" classname="com.example.posworks03.CalculadoraTest" time="0.0"/>
  <testcase name="multiplicando: 612" classname="com.example.posworks03.CalculadoraTest" time="0.001"/>
  <testcase name="multiplicando: 613" classname="com.example.posworks03.CalculadoraTest" time="0.0"/>
  <testcase name="multiplicando: 614" classname="com.example.posworks03.CalculadoraTest" time="0.001"/>
  <testcase name="multiplicando: 615" classname="com.example.posworks03.CalculadoraTest" time="0.0"/>
  <testcase name="multiplicando: 616" classname="com.example.posworks03.CalculadoraTest" time="0.0"/>
  <testcase name="multiplicando: 617" classname="com.example.posworks03.CalculadoraTest" time="0.0"/>
  <testcase name="multiplicando: 618" classname="com.example.posworks03.CalculadoraTest" time="0.0"/>
  <testcase name="multiplicando: 619" classname="com.example.posworks03.CalculadoraTest" time="0.002"/>
  <testcase name="multiplicando: 620" classname="com.example.posworks03.CalculadoraTest" time="0.001"/>
  <testcase name="multiplicando: 621" classname="com.example.posworks03.CalculadoraTest" time="0.0"/>
  <testcase name="multiplicando: 622" classname="com.example.posworks03.CalculadoraTest" time="0.0"/>
  <testcase name="multiplicando: 623" classname="com.example.posworks03.CalculadoraTest" time="0.0"/>
  <testcase name="multiplicando: 624" classname="com.example.posworks03.CalculadoraTest" time="0.0"/>
  <testcase name="multiplicando: 625" classname="com.example.posworks03.CalculadoraTest" time="0.0"/>
  <testcase name="multiplicando: 626" classname="com.example.posworks03.CalculadoraTest" time="0.001"/>
  <testcase name="multiplicando: 627" classname="com.example.posworks03.CalculadoraTest" time="0.001"/>
  <testcase name="multiplicando: 628" classname="com.example.posworks03.CalculadoraTest" time="0.0"/>
  <testcase name="multiplicando: 629" classname="com.example.posworks03.CalculadoraTest" time="0.001"/>
  <testcase name="multiplicando: 630" classname="com.example.posworks03.CalculadoraTest" time="0.002"/>
  <testcase name="multiplicando: 631" classname="com.example.posworks03.CalculadoraTest" time="0.001"/>
  <testcase name="multiplicando: 632" classname="com.example.posworks03.CalculadoraTest" time="0.0"/>
  <testcase name="multiplicando: 633" classname="com.example.posworks03.CalculadoraTest" time="0.0"/>
  <testcase name="multiplicando: 634" classname="com.example.posworks03.CalculadoraTest" time="0.001"/>
  <testcase name="multiplicando: 635" classname="com.example.posworks03.CalculadoraTest" time="0.001"/>
  <testcase name="multiplicando: 636" classname="com.example.posworks03.CalculadoraTest" time="0.0"/>
  <testcase name="multiplicando: 637" classname="com.example.posworks03.CalculadoraTest" time="0.002"/>
  <testcase name="multiplicando: 638" classname="com.example.posworks03.CalculadoraTest" time="0.0"/>
  <testcase name="multiplicando: 639" classname="com.example.posworks03.CalculadoraTest" time="0.0"/>
  <testcase name="multiplicando: 640" classname="com.example.posworks03.CalculadoraTest" time="0.0"/>
  <testcase name="multiplicando: 641" classname="com.example.posworks03.CalculadoraTest" time="0.0"/>
  <testcase name="multiplicando: 642" classname="com.example.posworks03.CalculadoraTest" time="0.0"/>
  <testcase name="multiplicando: 643" classname="com.example.posworks03.CalculadoraTest" time="0.0"/>
  <testcase name="multiplicando: 644" classname="com.example.posworks03.CalculadoraTest" time="0.0"/>
  <testcase name="multiplicando: 645" classname="com.example.posworks03.CalculadoraTest" time="0.0"/>
  <testcase name="multiplicando: 646" classname="com.example.posworks03.CalculadoraTest" time="0.001"/>
  <testcase name="multiplicando: 647" classname="com.example.posworks03.CalculadoraTest" time="0.0"/>
  <testcase name="multiplicando: 648" classname="com.example.posworks03.CalculadoraTest" time="0.0"/>
  <testcase name="multiplicando: 649" classname="com.example.posworks03.CalculadoraTest" time="0.001"/>
  <testcase name="multiplicando: 650" classname="com.example.posworks03.CalculadoraTest" time="0.0"/>
  <testcase name="multiplicando: 651" classname="com.example.posworks03.CalculadoraTest" time="0.0"/>
  <testcase name="multiplicando: 652" classname="com.example.posworks03.CalculadoraTest" time="0.0"/>
  <testcase name="multiplicando: 653" classname="com.example.posworks03.CalculadoraTest" time="0.0"/>
  <testcase name="multiplicando: 654" classname="com.example.posworks03.CalculadoraTest" time="0.001"/>
  <testcase name="multiplicando: 655" classname="com.example.posworks03.CalculadoraTest" time="0.0"/>
  <testcase name="multiplicando: 656" classname="com.example.posworks03.CalculadoraTest" time="0.0"/>
  <testcase name="multiplicando: 657" classname="com.example.posworks03.CalculadoraTest" time="0.001"/>
  <testcase name="multiplicando: 658" classname="com.example.posworks03.CalculadoraTest" time="0.001"/>
  <testcase name="multiplicando: 659" classname="com.example.posworks03.CalculadoraTest" time="0.0"/>
  <testcase name="multiplicando: 660" classname="com.example.posworks03.CalculadoraTest" time="0.0"/>
  <testcase name="multiplicando: 661" classname="com.example.posworks03.CalculadoraTest" time="0.0"/>
  <testcase name="multiplicando: 662" classname="com.example.posworks03.CalculadoraTest" time="0.0"/>
  <testcase name="multiplicando: 663" classname="com.example.posworks03.CalculadoraTest" time="0.0"/>
  <testcase name="multiplicando: 664" classname="com.example.posworks03.CalculadoraTest" time="0.0"/>
  <testcase name="multiplicando: 665" classname="com.example.posworks03.CalculadoraTest" time="0.0"/>
  <testcase name="multiplicando: 666" classname="com.example.posworks03.CalculadoraTest" time="0.001"/>
  <testcase name="multiplicando: 667" classname="com.example.posworks03.CalculadoraTest" time="0.0"/>
  <testcase name="multiplicando: 668" classname="com.example.posworks03.CalculadoraTest" time="0.0"/>
  <testcase name="multiplicando: 669" classname="com.example.posworks03.CalculadoraTest" time="0.0"/>
  <testcase name="multiplicando: 670" classname="com.example.posworks03.CalculadoraTest" time="0.007"/>
  <testcase name="multiplicando: 671" classname="com.example.posworks03.CalculadoraTest" time="0.0"/>
  <testcase name="multiplicando: 672" classname="com.example.posworks03.CalculadoraTest" time="0.002"/>
  <testcase name="multiplicando: 673" classname="com.example.posworks03.CalculadoraTest" time="0.001"/>
  <testcase name="multiplicando: 674" classname="com.example.posworks03.CalculadoraTest" time="0.001"/>
  <testcase name="multiplicando: 675" classname="com.example.posworks03.CalculadoraTest" time="0.0"/>
  <testcase name="multiplicando: 676" classname="com.example.posworks03.CalculadoraTest" time="0.001"/>
  <testcase name="multiplicando: 677" classname="com.example.posworks03.CalculadoraTest" time="0.0"/>
  <testcase name="multiplicando: 678" classname="com.example.posworks03.CalculadoraTest" time="0.0"/>
  <testcase name="multiplicando: 679" classname="com.example.posworks03.CalculadoraTest" time="0.001"/>
  <testcase name="multiplicando: 680" classname="com.example.posworks03.CalculadoraTest" time="0.001"/>
  <testcase name="multiplicando: 681" classname="com.example.posworks03.CalculadoraTest" time="0.0"/>
  <testcase name="multiplicando: 682" classname="com.example.posworks03.CalculadoraTest" time="0.003"/>
  <testcase name="multiplicando: 683" classname="com.example.posworks03.CalculadoraTest" time="0.0"/>
  <testcase name="multiplicando: 684" classname="com.example.posworks03.CalculadoraTest" time="0.0"/>
  <testcase name="multiplicando: 685" classname="com.example.posworks03.CalculadoraTest" time="0.0"/>
  <testcase name="multiplicando: 686" classname="com.example.posworks03.CalculadoraTest" time="0.001"/>
  <testcase name="multiplicando: 687" classname="com.example.posworks03.CalculadoraTest" time="0.0"/>
  <testcase name="multiplicando: 688" classname="com.example.posworks03.CalculadoraTest" time="0.0"/>
  <testcase name="multiplicando: 689" classname="com.example.posworks03.CalculadoraTest" time="0.002"/>
  <testcase name="multiplicando: 690" classname="com.example.posworks03.CalculadoraTest" time="0.001"/>
  <testcase name="multiplicando: 691" classname="com.example.posworks03.CalculadoraTest" time="0.001"/>
  <testcase name="multiplicando: 692" classname="com.example.posworks03.CalculadoraTest" time="0.001"/>
  <testcase name="multiplicando: 693" classname="com.example.posworks03.CalculadoraTest" time="0.002"/>
  <testcase name="multiplicando: 694" classname="com.example.posworks03.CalculadoraTest" time="0.0"/>
  <testcase name="multiplicando: 695" classname="com.example.posworks03.CalculadoraTest" time="0.001"/>
  <testcase name="multiplicando: 696" classname="com.example.posworks03.CalculadoraTest" time="0.0"/>
  <testcase name="multiplicando: 697" classname="com.example.posworks03.CalculadoraTest" time="0.001"/>
  <testcase name="multiplicando: 698" classname="com.example.posworks03.CalculadoraTest" time="0.001"/>
  <testcase name="multiplicando: 699" classname="com.example.posworks03.CalculadoraTest" time="0.0"/>
  <testcase name="multiplicando: 700" classname="com.example.posworks03.CalculadoraTest" time="0.0"/>
  <testcase name="multiplicando: 701" classname="com.example.posworks03.CalculadoraTest" time="0.001"/>
  <testcase name="multiplicando: 702" classname="com.example.posworks03.CalculadoraTest" time="0.0"/>
  <testcase name="multiplicando: 703" classname="com.example.posworks03.CalculadoraTest" time="0.0"/>
  <testcase name="multiplicando: 704" classname="com.example.posworks03.CalculadoraTest" time="0.0"/>
  <testcase name="multiplicando: 705" classname="com.example.posworks03.CalculadoraTest" time="0.0"/>
  <testcase name="multiplicando: 706" classname="com.example.posworks03.CalculadoraTest" time="0.0"/>
  <testcase name="multiplicando: 707" classname="com.example.posworks03.CalculadoraTest" time="0.0"/>
  <testcase name="multiplicando: 708" classname="com.example.posworks03.CalculadoraTest" time="0.0"/>
  <testcase name="multiplicando: 709" classname="com.example.posworks03.CalculadoraTest" time="0.0"/>
  <testcase name="multiplicando: 710" classname="com.example.posworks03.CalculadoraTest" time="0.001"/>
  <testcase name="multiplicando: 711" classname="com.example.posworks03.CalculadoraTest" time="0.001"/>
  <testcase name="multiplicando: 712" classname="com.example.posworks03.CalculadoraTest" time="0.001"/>
  <testcase name="multiplicando: 713" classname="com.example.posworks03.CalculadoraTest" time="0.001"/>
  <testcase name="multiplicando: 714" classname="com.example.posworks03.CalculadoraTest" time="0.001"/>
  <testcase name="multiplicando: 715" classname="com.example.posworks03.CalculadoraTest" time="0.001"/>
  <testcase name="multiplicando: 716" classname="com.example.posworks03.CalculadoraTest" time="0.0"/>
  <testcase name="multiplicando: 717" classname="com.example.posworks03.CalculadoraTest" time="0.001"/>
  <testcase name="multiplicando: 718" classname="com.example.posworks03.CalculadoraTest" time="0.001"/>
  <testcase name="multiplicando: 719" classname="com.example.posworks03.CalculadoraTest" time="0.001"/>
  <testcase name="multiplicando: 720" classname="com.example.posworks03.CalculadoraTest" time="0.0"/>
  <testcase name="multiplicando: 721" classname="com.example.posworks03.CalculadoraTest" time="0.001"/>
  <testcase name="multiplicando: 722" classname="com.example.posworks03.CalculadoraTest" time="0.0"/>
  <testcase name="multiplicando: 723" classname="com.example.posworks03.CalculadoraTest" time="0.001"/>
  <testcase name="multiplicando: 724" classname="com.example.posworks03.CalculadoraTest" time="0.0"/>
  <testcase name="multiplicando: 725" classname="com.example.posworks03.CalculadoraTest" time="0.0"/>
  <testcase name="multiplicando: 726" classname="com.example.posworks03.CalculadoraTest" time="0.0"/>
  <testcase name="multiplicando: 727" classname="com.example.posworks03.CalculadoraTest" time="0.0"/>
  <testcase name="multiplicando: 728" classname="com.example.posworks03.CalculadoraTest" time="0.001"/>
  <testcase name="multiplicando: 729" classname="com.example.posworks03.CalculadoraTest" time="0.001"/>
  <testcase name="multiplicando: 730" classname="com.example.posworks03.CalculadoraTest" time="0.0"/>
  <testcase name="multiplicando: 731" classname="com.example.posworks03.CalculadoraTest" time="0.0"/>
  <testcase name="multiplicando: 732" classname="com.example.posworks03.CalculadoraTest" time="0.0"/>
  <testcase name="multiplicando: 733" classname="com.example.posworks03.CalculadoraTest" time="0.0"/>
  <testcase name="multiplicando: 734" classname="com.example.posworks03.CalculadoraTest" time="0.0"/>
  <testcase name="multiplicando: 735" classname="com.example.posworks03.CalculadoraTest" time="0.0"/>
  <testcase name="multiplicando: 736" classname="com.example.posworks03.CalculadoraTest" time="0.0"/>
  <testcase name="multiplicando: 737" classname="com.example.posworks03.CalculadoraTest" time="0.001"/>
  <testcase name="multiplicando: 738" classname="com.example.posworks03.CalculadoraTest" time="0.0"/>
  <testcase name="multiplicando: 739" classname="com.example.posworks03.CalculadoraTest" time="0.0"/>
  <testcase name="multiplicando: 740" classname="com.example.posworks03.CalculadoraTest" time="0.001"/>
  <testcase name="multiplicando: 741" classname="com.example.posworks03.CalculadoraTest" time="0.0"/>
  <testcase name="multiplicando: 742" classname="com.example.posworks03.CalculadoraTest" time="0.0"/>
  <testcase name="multiplicando: 743" classname="com.example.posworks03.CalculadoraTest" time="0.0"/>
  <testcase name="multiplicando: 744" classname="com.example.posworks03.CalculadoraTest" time="0.0"/>
  <testcase name="multiplicando: 745" classname="com.example.posworks03.CalculadoraTest" time="0.0"/>
  <testcase name="multiplicando: 746" classname="com.example.posworks03.CalculadoraTest" time="0.0"/>
  <testcase name="multiplicando: 747" classname="com.example.posworks03.CalculadoraTest" time="0.0"/>
  <testcase name="multiplicando: 748" classname="com.example.posworks03.CalculadoraTest" time="0.0"/>
  <testcase name="multiplicando: 749" classname="com.example.posworks03.CalculadoraTest" time="0.0"/>
  <testcase name="multiplicando: 750" classname="com.example.posworks03.CalculadoraTest" time="0.0"/>
  <testcase name="multiplicando: 751" classname="com.example.posworks03.CalculadoraTest" time="0.0"/>
  <testcase name="multiplicando: 752" classname="com.example.posworks03.CalculadoraTest" time="0.002"/>
  <testcase name="multiplicando: 753" classname="com.example.posworks03.CalculadoraTest" time="0.0"/>
  <testcase name="multiplicando: 754" classname="com.example.posworks03.CalculadoraTest" time="0.0"/>
  <testcase name="multiplicando: 755" classname="com.example.posworks03.CalculadoraTest" time="0.0"/>
  <testcase name="multiplicando: 756" classname="com.example.posworks03.CalculadoraTest" time="0.001"/>
  <testcase name="multiplicando: 757" classname="com.example.posworks03.CalculadoraTest" time="0.0"/>
  <testcase name="multiplicando: 758" classname="com.example.posworks03.CalculadoraTest" time="0.0"/>
  <testcase name="multiplicando: 759" classname="com.example.posworks03.CalculadoraTest" time="0.0"/>
  <testcase name="multiplicando: 760" classname="com.example.posworks03.CalculadoraTest" time="0.0"/>
  <testcase name="multiplicando: 761" classname="com.example.posworks03.CalculadoraTest" time="0.0"/>
  <testcase name="multiplicando: 762" classname="com.example.posworks03.CalculadoraTest" time="0.0"/>
  <testcase name="multiplicando: 763" classname="com.example.posworks03.CalculadoraTest" time="0.0"/>
  <testcase name="multiplicando: 764" classname="com.example.posworks03.CalculadoraTest" time="0.0"/>
  <testcase name="multiplicando: 765" classname="com.example.posworks03.CalculadoraTest" time="0.0"/>
  <testcase name="multiplicando: 766" classname="com.example.posworks03.CalculadoraTest" time="0.0"/>
  <testcase name="multiplicando: 767" classname="com.example.posworks03.CalculadoraTest" time="0.001"/>
  <testcase name="multiplicando: 768" classname="com.example.posworks03.CalculadoraTest" time="0.0"/>
  <testcase name="multiplicando: 769" classname="com.example.posworks03.CalculadoraTest" time="0.002"/>
[...]
  <testcase name="multiplicando: 808" classname="com.example.posworks03.CalculadoraTest" time="0.0"/>
  <testcase name="multiplicando: 809" classname="com.example.posworks03.CalculadoraTest" time="0.0"/>
  <testcase name="multiplicando: 810" classname="com.example.posworks03.CalculadoraTest" time="0.0"/>
  <testcase name="multiplicando: 811" classname="com.example.posworks03.CalculadoraTest" time="0.0"/>
  <testcase name="multiplicando: 812" classname="com.example.posworks03.CalculadoraTest" time="0.0"/>
  <testcase name="multiplicando: 813" classname="com.example.posworks03.CalculadoraTest" time="0.0"/>
  <testcase name="multiplicando: 814" classname="com.example.posworks03.CalculadoraTest" time="0.0"/>
  <testcase name="multiplicando: 815" classname="com.example.posworks03.CalculadoraTest" time="0.0"/>
  <testcase name="multiplicando: 816" classname="com.example.posworks03.CalculadoraTest" time="0.0"/>
  <testcase name="multiplicando: 817" classname="com.example.posworks03.CalculadoraTest" time="0.001"/>
  <testcase name="multiplicando: 818" classname="com.example.posworks03.CalculadoraTest" time="0.0"/>
  <testcase name="multiplicando: 819" classname="com.example.posworks03.CalculadoraTest" time="0.0"/>
  <testcase name="multiplicando: 820" classname="com.example.posworks03.CalculadoraTest" time="0.002"/>
  <testcase name="multiplicando: 821" classname="com.example.posworks03.CalculadoraTest" time="0.001"/>
  <testcase name="multiplicando: 822" classname="com.example.posworks03.CalculadoraTest" time="0.001"/>
  <testcase name="multiplicando: 823" classname="com.example.posworks03.CalculadoraTest" time="0.001"/>
  <testcase name="multiplicando: 824" classname="com.example.posworks03.CalculadoraTest" time="0.001"/>
  <testcase name="multiplicando: 825" classname="com.example.posworks03.CalculadoraTest" time="0.001"/>
  <testcase name="multiplicando: 826" classname="com.example.posworks03.CalculadoraTest" time="0.0"/>
  <testcase name="multiplicando: 827" classname="com.example.posworks03.CalculadoraTest" time="0.001"/>
  <testcase name="multiplicando: 828" classname="com.example.posworks03.CalculadoraTest" time="0.0"/>
  <testcase name="multiplicando: 829" classname="com.example.posworks03.CalculadoraTest" time="0.0"/>
  <testcase name="multiplicando: 830" classname="com.example.posworks03.CalculadoraTest" time="0.0"/>
  <testcase name="multiplicando: 831" classname="com.example.posworks03.CalculadoraTest" time="0.001"/>
  <testcase name="multiplicando: 832" classname="com.example.posworks03.CalculadoraTest" time="0.0"/>
  <testcase name="multiplicando: 833" classname="com.example.posworks03.CalculadoraTest" time="0.0"/>
  <testcase name="multiplicando: 834" classname="com.example.posworks03.CalculadoraTest" time="0.0"/>
  <testcase name="multiplicando: 835" classname="com.example.posworks03.CalculadoraTest" time="0.0"/>
  <testcase name="multiplicando: 836" classname="com.example.posworks03.CalculadoraTest" time="0.0"/>
  <testcase name="multiplicando: 837" classname="com.example.posworks03.CalculadoraTest" time="0.0"/>
  <testcase name="multiplicando: 838" classname="com.example.posworks03.CalculadoraTest" time="0.0"/>
  <testcase name="multiplicando: 839" classname="com.example.posworks03.CalculadoraTest" time="0.001"/>
  <testcase name="multiplicando: 840" classname="com.example.posworks03.CalculadoraTest" time="0.001"/>
  <testcase name="multiplicando: 841" classname="com.example.posworks03.CalculadoraTest" time="0.0"/>
  <testcase name="multiplicando: 842" classname="com.example.posworks03.CalculadoraTest" time="0.002"/>
  <testcase name="multiplicando: 843" classname="com.example.posworks03.CalculadoraTest" time="0.001"/>
  <testcase name="multiplicando: 844" classname="com.example.posworks03.CalculadoraTest" time="0.0"/>
  <testcase name="multiplicando: 845" classname="com.example.posworks03.CalculadoraTest" time="0.0"/>
  <testcase name="multiplicando: 846" classname="com.example.posworks03.CalculadoraTest" time="0.0"/>
  <testcase name="multiplicando: 847" classname="com.example.posworks03.CalculadoraTest" time="0.0"/>
  <testcase name="multiplicando: 848" classname="com.example.posworks03.CalculadoraTest" time="0.0"/>
  <testcase name="multiplicando: 849" classname="com.example.posworks03.CalculadoraTest" time="0.0"/>
  <testcase name="multiplicando: 850" classname="com.example.posworks03.CalculadoraTest" time="0.0"/>
  <testcase name="multiplicando: 851" classname="com.example.posworks03.CalculadoraTest" time="0.0"/>
  <testcase name="multiplicando: 852" classname="com.example.posworks03.CalculadoraTest" time="0.0"/>
  <testcase name="multiplicando: 853" classname="com.example.posworks03.CalculadoraTest" time="0.0"/>
  <testcase name="multiplicando: 854" classname="com.example.posworks03.CalculadoraTest" time="0.0"/>
  <testcase name="multiplicando: 855" classname="com.example.posworks03.CalculadoraTest" time="0.0"/>
  <testcase name="multiplicando: 856" classname="com.example.posworks03.CalculadoraTest" time="0.0"/>
  <testcase name="multiplicando: 857" classname="com.example.posworks03.CalculadoraTest" time="0.0"/>
  <testcase name="multiplicando: 858" classname="com.example.posworks03.CalculadoraTest" time="0.0"/>
  <testcase name="multiplicando: 859" classname="com.example.posworks03.CalculadoraTest" time="0.0"/>
  <testcase name="multiplicando: 860" classname="com.example.posworks03.CalculadoraTest" time="0.0"/>
  <testcase name="multiplicando: 861" classname="com.example.posworks03.CalculadoraTest" time="0.001"/>
  <testcase name="multiplicando: 862" classname="com.example.posworks03.CalculadoraTest" time="0.021"/>
  <testcase name="multiplicando: 863" classname="com.example.posworks03.CalculadoraTest" time="0.0"/>
  <testcase name="multiplicando: 864" classname="com.example.posworks03.CalculadoraTest" time="0.0"/>
  <testcase name="multiplicando: 865" classname="com.example.posworks03.CalculadoraTest" time="0.0"/>
  <testcase name="multiplicando: 866" classname="com.example.posworks03.CalculadoraTest" time="0.001"/>
  <testcase name="multiplicando: 867" classname="com.example.posworks03.CalculadoraTest" time="0.0"/>
  <testcase name="multiplicando: 868" classname="com.example.posworks03.CalculadoraTest" time="0.002"/>
  <testcase name="multiplicando: 869" classname="com.example.posworks03.CalculadoraTest" time="0.001"/>
  <testcase name="multiplicando: 870" classname="com.example.posworks03.CalculadoraTest" time="0.001"/>
  <testcase name="multiplicando: 871" classname="com.example.posworks03.CalculadoraTest" time="0.001"/>
  <testcase name="multiplicando: 872" classname="com.example.posworks03.CalculadoraTest" time="0.001"/>
  <testcase name="multiplicando: 873" classname="com.example.posworks03.CalculadoraTest" time="0.001"/>
  <testcase name="multiplicando: 874" classname="com.example.posworks03.CalculadoraTest" time="0.0"/>
  <testcase name="multiplicando: 875" classname="com.example.posworks03.CalculadoraTest" time="0.0"/>
  <testcase name="multiplicando: 876" classname="com.example.posworks03.CalculadoraTest" time="0.001"/>
  <testcase name="multiplicando: 877" classname="com.example.posworks03.CalculadoraTest" time="0.001"/>
  <testcase name="multiplicando: 878" classname="com.example.posworks03.CalculadoraTest" time="0.0"/>
  <testcase name="multiplicando: 879" classname="com.example.posworks03.CalculadoraTest" time="0.001"/>
  <testcase name="multiplicando: 880" classname="com.example.posworks03.CalculadoraTest" time="0.001"/>
  <testcase name="multiplicando: 881" classname="com.example.posworks03.CalculadoraTest" time="0.001"/>
  <testcase name="multiplicando: 882" classname="com.example.posworks03.CalculadoraTest" time="0.001"/>
  <testcase name="multiplicando: 883" classname="com.example.posworks03.CalculadoraTest" time="0.001"/>
  <testcase name="multiplicando: 884" classname="com.example.posworks03.CalculadoraTest" time="0.004"/>
  <testcase name="multiplicando: 885" classname="com.example.posworks03.CalculadoraTest" time="0.0"/>
  <testcase name="multiplicando: 886" classname="com.example.posworks03.CalculadoraTest" time="0.0"/>
  <testcase name="multiplicando: 887" classname="com.example.posworks03.CalculadoraTest" time="0.0"/>
  <testcase name="multiplicando: 888" classname="com.example.posworks03.CalculadoraTest" time="0.0"/>
  <testcase name="multiplicando: 889" classname="com.example.posworks03.CalculadoraTest" time="0.0"/>
  <testcase name="multiplicando: 890" classname="com.example.posworks03.CalculadoraTest" time="0.0"/>
  <testcase name="multiplicando: 891" classname="com.example.posworks03.CalculadoraTest" time="0.0"/>
  <testcase name="multiplicando: 892" classname="com.example.posworks03.CalculadoraTest" time="0.0"/>
  <testcase name="multiplicando: 893" classname="com.example.posworks03.CalculadoraTest" time="0.0"/>
  <testcase name="multiplicando: 894" classname="com.example.posworks03.CalculadoraTest" time="0.001"/>
  <testcase name="multiplicando: 895" classname="com.example.posworks03.CalculadoraTest" time="0.001"/>
  <testcase name="multiplicando: 896" classname="com.example.posworks03.CalculadoraTest" time="0.0"/>
  <testcase name="multiplicando: 897" classname="com.example.posworks03.CalculadoraTest" time="0.0"/>
  <testcase name="multiplicando: 898" classname="com.example.posworks03.CalculadoraTest" time="0.0"/>
  <testcase name="multiplicando: 899" classname="com.example.posworks03.CalculadoraTest" time="0.001"/>
  <testcase name="multiplicando: 900" classname="com.example.posworks03.CalculadoraTest" time="0.0"/>
  <testcase name="multiplicando: 901" classname="com.example.posworks03.CalculadoraTest" time="0.0"/>
  <testcase name="multiplicando: 902" classname="com.example.posworks03.CalculadoraTest" time="0.0"/>
  <testcase name="multiplicando: 903" classname="com.example.posworks03.CalculadoraTest" time="0.0"/>
  <testcase name="multiplicando: 904" classname="com.example.posworks03.CalculadoraTest" time="0.0"/>
  <testcase name="multiplicando: 905" classname="com.example.posworks03.CalculadoraTest" time="0.0"/>
  <testcase name="multiplicando: 906" classname="com.example.posworks03.CalculadoraTest" time="0.0"/>
  <testcase name="multiplicando: 907" classname="com.example.posworks03.CalculadoraTest" time="0.0"/>
  <testcase name="multiplicando: 908" classname="com.example.posworks03.CalculadoraTest" time="0.0"/>
  <testcase name="multiplicando: 909" classname="com.example.posworks03.CalculadoraTest" time="0.0"/>
  <testcase name="multiplicando: 910" classname="com.example.posworks03.CalculadoraTest" time="0.0"/>
  <testcase name="multiplicando: 911" classname="com.example.posworks03.CalculadoraTest" time="0.0"/>
  <testcase name="multiplicando: 912" classname="com.example.posworks03.CalculadoraTest" time="0.0"/>
  <testcase name="multiplicando: 913" classname="com.example.posworks03.CalculadoraTest" time="0.0"/>
  <testcase name="multiplicando: 914" classname="com.example.posworks03.CalculadoraTest" time="0.0"/>
  <testcase name="multiplicando: 915" classname="com.example.posworks03.CalculadoraTest" time="0.0"/>
  <testcase name="multiplicando: 916" classname="com.example.posworks03.CalculadoraTest" time="0.0"/>
  <testcase name="multiplicando: 917" classname="com.example.posworks03.CalculadoraTest" time="0.0"/>
  <testcase name="multiplicando: 918" classname="com.example.posworks03.CalculadoraTest" time="0.0"/>
  <testcase name="multiplicando: 919" classname="com.example.posworks03.CalculadoraTest" time="0.0"/>
  <testcase name="multiplicando: 920" classname="com.example.posworks03.CalculadoraTest" time="0.0"/>
  <testcase name="multiplicando: 921" classname="com.example.posworks03.CalculadoraTest" time="0.0"/>
  <testcase name="multiplicando: 922" classname="com.example.posworks03.CalculadoraTest" time="0.0"/>
  <testcase name="multiplicando: 923" classname="com.example.posworks03.CalculadoraTest" time="0.0"/>
  <testcase name="multiplicando: 924" classname="com.example.posworks03.CalculadoraTest" time="0.0"/>
  <testcase name="multiplicando: 925" classname="com.example.posworks03.CalculadoraTest" time="0.0"/>
  <testcase name="multiplicando: 926" classname="com.example.posworks03.CalculadoraTest" time="0.0"/>
  <testcase name="multiplicando: 927" classname="com.example.posworks03.CalculadoraTest" time="0.0"/>
  <testcase name="multiplicando: 928" classname="com.example.posworks03.CalculadoraTest" time="0.001"/>
  <testcase name="multiplicando: 929" classname="com.example.posworks03.CalculadoraTest" time="0.0"/>
  <testcase name="multiplicando: 930" classname="com.example.posworks03.CalculadoraTest" time="0.0"/>
  <testcase name="multiplicando: 931" classname="com.example.posworks03.CalculadoraTest" time="0.0"/>
  <testcase name="multiplicando: 932" classname="com.example.posworks03.CalculadoraTest" time="0.0"/>
  <testcase name="multiplicando: 933" classname="com.example.posworks03.CalculadoraTest" time="0.0"/>
  <testcase name="multiplicando: 934" classname="com.example.posworks03.CalculadoraTest" time="0.0"/>
  <testcase name="multiplicando: 935" classname="com.example.posworks03.CalculadoraTest" time="0.0"/>
  <testcase name="multiplicando: 936" classname="com.example.posworks03.CalculadoraTest" time="0.0"/>
  <testcase name="multiplicando: 937" classname="com.example.posworks03.CalculadoraTest" time="0.0"/>
  <testcase name="multiplicando: 938" classname="com.example.posworks03.CalculadoraTest" time="0.0"/>
  <testcase name="multiplicando: 939" classname="com.example.posworks03.CalculadoraTest" time="0.0"/>
  <testcase name="multiplicando: 940" classname="com.example.posworks03.CalculadoraTest" time="0.001"/>
  <testcase name="multiplicando: 941" classname="com.example.posworks03.CalculadoraTest" time="0.0"/>
  <testcase name="multiplicando: 942" classname="com.example.posworks03.CalculadoraTest" time="0.0"/>
  <testcase name="multiplicando: 943" classname="com.example.posworks03.CalculadoraTest" time="0.0"/>
  <testcase name="multiplicando: 944" classname="com.example.posworks03.CalculadoraTest" time="0.0"/>
  <testcase name="multiplicando: 945" classname="com.example.posworks03.CalculadoraTest" time="0.0"/>
  <testcase name="multiplicando: 946" classname="com.example.posworks03.CalculadoraTest" time="0.0"/>
  <testcase name="multiplicando: 947" classname="com.example.posworks03.CalculadoraTest" time="0.0"/>
  <testcase name="multiplicando: 948" classname="com.example.posworks03.CalculadoraTest" time="0.0"/>
  <testcase name="multiplicando: 949" classname="com.example.posworks03.CalculadoraTest" time="0.002"/>
  <testcase name="multiplicando: 950" classname="com.example.posworks03.CalculadoraTest" time="0.001"/>
  <testcase name="multiplicando: 951" classname="com.example.posworks03.CalculadoraTest" time="0.0"/>
  <testcase name="multiplicando: 952" classname="com.example.posworks03.CalculadoraTest" time="0.0"/>
  <testcase name="multiplicando: 953" classname="com.example.posworks03.CalculadoraTest" time="0.0"/>
  <testcase name="multiplicando: 954" classname="com.example.posworks03.CalculadoraTest" time="0.0"/>
  <testcase name="multiplicando: 955" classname="com.example.posworks03.CalculadoraTest" time="0.0"/>
  <testcase name="multiplicando: 956" classname="com.example.posworks03.CalculadoraTest" time="0.001"/>
  <testcase name="multiplicando: 957" classname="com.example.posworks03.CalculadoraTest" time="0.001"/>
  <testcase name="multiplicando: 958" classname="com.example.posworks03.CalculadoraTest" time="0.0"/>
  <testcase name="multiplicando: 959" classname="com.example.posworks03.CalculadoraTest" time="0.001"/>
  <testcase name="multiplicando: 960" classname="com.example.posworks03.CalculadoraTest" time="0.0"/>
  <testcase name="multiplicando: 961" classname="com.example.posworks03.CalculadoraTest" time="0.002"/>
  <testcase name="multiplicando: 962" classname="com.example.posworks03.CalculadoraTest" time="0.0"/>
  <testcase name="multiplicando: 963" classname="com.example.posworks03.CalculadoraTest" time="0.0"/>
  <testcase name="multiplicando: 964" classname="com.example.posworks03.CalculadoraTest" time="0.0"/>
  <testcase name="multiplicando: 965" classname="com.example.posworks03.CalculadoraTest" time="0.001"/>
  <testcase name="multiplicando: 966" classname="com.example.posworks03.CalculadoraTest" time="0.0"/>
  <testcase name="multiplicando: 967" classname="com.example.posworks03.CalculadoraTest" time="0.0"/>
  <testcase name="multiplicando: 968" classname="com.example.posworks03.CalculadoraTest" time="0.0"/>
  <testcase name="multiplicando: 969" classname="com.example.posworks03.CalculadoraTest" time="0.0"/>
  <testcase name="multiplicando: 970" classname="com.example.posworks03.CalculadoraTest" time="0.0"/>
  <testcase name="multiplicando: 971" classname="com.example.posworks03.CalculadoraTest" time="0.0"/>
  <testcase name="multiplicando: 972" classname="com.example.posworks03.CalculadoraTest" time="0.0"/>
  <testcase name="multiplicando: 973" classname="com.example.posworks03.CalculadoraTest" time="0.0"/>
  <testcase name="multiplicando: 974" classname="com.example.posworks03.CalculadoraTest" time="0.0"/>
  <testcase name="multiplicando: 975" classname="com.example.posworks03.CalculadoraTest" time="0.0"/>
  <testcase name="multiplicando: 976" classname="com.example.posworks03.CalculadoraTest" time="0.0"/>
  <testcase name="multiplicando: 977" classname="com.example.posworks03.CalculadoraTest" time="0.0"/>
  <testcase name="multiplicando: 978" classname="com.example.posworks03.CalculadoraTest" time="0.0"/>
  <testcase name="multiplicando: 979" classname="com.example.posworks03.CalculadoraTest" time="0.0"/>
  <testcase name="multiplicando: 980" classname="com.example.posworks03.CalculadoraTest" time="0.0"/>
  <testcase name="multiplicando: 981" classname="com.example.posworks03.CalculadoraTest" time="0.0"/>
  <testcase name="multiplicando: 982" classname="com.example.posworks03.CalculadoraTest" time="0.0"/>
  <testcase name="multiplicando: 983" classname="com.example.posworks03.CalculadoraTest" time="0.0"/>
  <testcase name="multiplicando: 984" classname="com.example.posworks03.CalculadoraTest" time="0.0"/>
  <testcase name="multiplicando: 985" classname="com.example.posworks03.CalculadoraTest" time="0.0"/>
  <testcase name="multiplicando: 986" classname="com.example.posworks03.CalculadoraTest" time="0.0"/>
  <testcase name="multiplicando: 987" classname="com.example.posworks03.CalculadoraTest" time="0.0"/>
  <testcase name="multiplicando: 988" classname="com.example.posworks03.CalculadoraTest" time="0.0"/>
  <testcase name="multiplicando: 989" classname="com.example.posworks03.CalculadoraTest" time="0.0"/>
  <testcase name="multiplicando: 990" classname="com.example.posworks03.CalculadoraTest" time="0.0"/>
  <testcase name="multiplicando: 991" classname="com.example.posworks03.CalculadoraTest" time="0.0"/>
  <testcase name="multiplicando: 992" classname="com.example.posworks03.CalculadoraTest" time="0.0"/>
  <testcase name="multiplicando: 993" classname="com.example.posworks03.CalculadoraTest" time="0.0"/>
  <testcase name="multiplicando: 994" classname="com.example.posworks03.CalculadoraTest" time="0.0"/>
  <testcase name="multiplicando: 995" classname="com.example.posworks03.CalculadoraTest" time="0.0"/>
  <testcase name="multiplicando: 996" classname="com.example.posworks03.CalculadoraTest" time="0.0"/>
  <testcase name="multiplicando: 997" classname="com.example.posworks03.CalculadoraTest" time="0.001"/>
  <testcase name="multiplicando: 998" classname="com.example.posworks03.CalculadoraTest" time="0.0"/>
  <testcase name="multiplicando: 999" classname="com.example.posworks03.CalculadoraTest" time="0.0"/>
  <system-out><![CDATA[]]></system-out>
  <system-err><![CDATA[]]></system-err>
</testsuite>
